#
# A fatal error has been detected by the Java Runtime Environment:
#
#  SIGSEGV (0xb) at pc=0x00007f3dc38ac061, pid=6019, tid=0x00007f3d87811700
#
# JRE version: OpenJDK Runtime Environment (8.0_76-b03) (build 1.8.0_76-release-b03)
# Java VM: OpenJDK 64-Bit Server VM (25.76-b03 mixed mode linux-amd64 compressed oops)
# Problematic frame:
# V  [libjvm.so+0x948061]  Symbol::decrement_refcount()+0x1
#
# Failed to write core dump. Core dumps have been disabled. To enable core dumping, try "ulimit -c unlimited" before starting Java again
#
# If you would like to submit a bug report, please visit:
#   http://bugreport.java.com/bugreport/crash.jsp
#

---------------  T H R E A D  ---------------

Current thread (0x00007f3dbc0c6000):  JavaThread "C2 CompilerThread2" daemon [_thread_in_native, id=6038, stack(0x00007f3d87711000,0x00007f3d87812000)]

siginfo: si_signo: 11 (SIGSEGV), si_code: 1 (SEGV_MAPERR), si_addr: 0x0000000000000002

Registers:
RAX=0x00007f3d6c0e23c0, RBX=0x00000000000004e9, RCX=0x00007f3dc406c2c0, RDX=0x0000000000000001
RSP=0x00007f3d87810990, RBP=0x00007f3d878109c0, RSI=0x0000000000000001, RDI=0x0000000000000000
R8 =0x0000000000000000, R9 =0x000000000000004e, R10=0x0000000000000004, R11=0xfffffffffffffff5
R12=0x0000000000002748, R13=0x00007f3d745f5270, R14=0x00007f3d601f9d80, R15=0x00007f3d87810b40
RIP=0x00007f3dc38ac061, EFLAGS=0x0000000000010206, CSGSFS=0x0000000000000033, ERR=0x0000000000000004
  TRAPNO=0x000000000000000e

Top of Stack: (sp=0x00007f3d87810990)
0x00007f3d87810990:   00007f3d878109c0 00007f3dc3362988
0x00007f3d878109a0:   00007f3daf604690 00007f3dc3dfd770
0x00007f3d878109b0:   00007f3dbc0c6000 00007f3d87810b40
0x00007f3d878109c0:   00007f3d87810a00 00007f3dc3345a3e
0x00007f3d878109d0:   00007f3d87810a00 00007f3dbc0c6000
0x00007f3d878109e0:   00007f3d4015e4a0 00007f3dbc006e20
0x00007f3d878109f0:   00007f3d601f9d80 00007f3d87810b40
0x00007f3d87810a00:   00007f3d87810d60 00007f3dc33d15fe
0x00007f3d87810a10:   00007f3daf641820 00007f3daf64b7c0
0x00007f3d87810a20:   00007f3d00000001 00007f3daf0d2bd0
0x00007f3d87810a30:   00007f3d87810ac0 00007f3daf0d2bd0
0x00007f3d87810a40:   00007f3d87810ac0 00000000000083b0
0x00007f3d87810a50:   00007f3dffffffff 00007f3d000035b9
0x00007f3d87810a60:   00007f3d6c505dc8 00007f3d6c4fe910
0x00007f3d87810a70:   00007f3d87810ae0 000032eabc0c6720
0x00007f3d87810a80:   00007f3dbc0c6720 00007f3d6c4fdde0
0x00007f3d87810a90:   00007f3d00000000 00007f3d87810b10
0x00007f3d87810aa0:   00007f3d00000004 00007f3dc3dfd770
0x00007f3d87810ab0:   00007f3d87810ad0 00007f3dc33d43cc
0x00007f3d87810ac0:   000000001a2e8bc8 00007f3d6c4fe930
0x00007f3d87810ad0:   00007f3d87810b00 00007f3dc3775512
0x00007f3d87810ae0:   00007f3d87810001 000000001a2e8bc8
0x00007f3d87810af0:   000001239be02e16 00007f3dc3e61400
0x00007f3d87810b00:   00007f3d87810ac0 00007f3dbc0c7350
0x00007f3d87810b10:   00007f3d84a2d900 0000000000000000
0x00007f3d87810b20:   0000000000000000 00007f3dbc0c6000
0x00007f3d87810b30:   00007f3dbc006420 00007f3dc3e23230
0x00007f3d87810b40:   00007f3d87810b48 00007f3d00000006
0x00007f3d87810b50:   00007f3d745f5260 00007f3d690b76a0
0x00007f3d87810b60:   00007f3d690bdd90 00007f3d690bf688
0x00007f3d87810b70:   0000000000137dc0 00000000000035b9
0x00007f3d87810b80:   00007f3d745f5270 00007f3d6c4fe9b0 

Instructions: (pc=0x00007f3dc38ac061)
0x00007f3dc38ac041:   02 e9 e9 36 9b ff 66 0f 1f 84 00 00 00 00 00 5d
0x00007f3dc38ac051:   c3 66 66 66 66 66 2e 0f 1f 84 00 00 00 00 00 55
0x00007f3dc38ac061:   0f b7 47 02 48 89 e5 66 85 c0 78 13 5d 48 83 c7
0x00007f3dc38ac071:   02 e9 f9 36 9b ff 66 0f 1f 84 00 00 00 00 00 5d 

Register to memory mapping:

RAX=0x00007f3d6c0e23c0 is an unknown value
RBX=0x00000000000004e9 is an unknown value
RCX=0x00007f3dc406c2c0: <offset 0x2182c0> in /lib/x86_64-linux-gnu/libpthread.so.0 at 0x00007f3dc3e54000
RDX=0x0000000000000001 is an unknown value
RSP=0x00007f3d87810990 is pointing into the stack for thread: 0x00007f3dbc0c6000
RBP=0x00007f3d878109c0 is pointing into the stack for thread: 0x00007f3dbc0c6000
RSI=0x0000000000000001 is an unknown value
RDI=0x0000000000000000 is an unknown value
R8 =0x0000000000000000 is an unknown value
R9 =0x000000000000004e is an unknown value
R10=0x0000000000000004 is an unknown value
R11=0xfffffffffffffff5 is an unknown value
R12=0x0000000000002748 is an unknown value
R13=0x00007f3d745f5270 is an unknown value
R14=0x00007f3d601f9d80 is an unknown value
R15=0x00007f3d87810b40 is pointing into the stack for thread: 0x00007f3dbc0c6000


Stack: [0x00007f3d87711000,0x00007f3d87812000],  sp=0x00007f3d87810990,  free space=1022k
Native frames: (J=compiled Java code, j=interpreted, Vv=VM code, C=native code)
V  [libjvm.so+0x948061]  Symbol::decrement_refcount()+0x1
V  [libjvm.so+0x3e1a3e]  ciEnv::~ciEnv()+0x2e
V  [libjvm.so+0x46d5fe]  CompileBroker::invoke_compiler_on_method(CompileTask*)+0x67e
V  [libjvm.so+0x46e6e8]  CompileBroker::compiler_thread_loop()+0x4e8
V  [libjvm.so+0x986ec0]  JavaThread::thread_main_inner()+0xf0
V  [libjvm.so+0x8425b2]  java_start(Thread*)+0xf2
C  [libpthread.so.0+0x770a]  start_thread+0xca


Current CompileTask:
C2:1252891 13034       4       org.gradle.api.internal.artifacts.ivyservice.resolveengine.artifact.ResolvedArtifactsGraphVisitor::getArtifacts (199 bytes)


---------------  P R O C E S S  ---------------

Java Threads: ( => current thread )
  0x00007f3d480a9800 JavaThread "pool-20-thread-1" [_thread_blocked, id=7122, stack(0x00007f3d36ae1000,0x00007f3d36be2000)]
  0x00007f3d48010000 JavaThread "Stdin handler" [_thread_blocked, id=7121, stack(0x00007f3d8557f000,0x00007f3d85680000)]
  0x00007f3d4800f000 JavaThread "Asynchronous log dispatcher for org.gradle.launcher.daemon.server.DefaultDaemonConnection@6d80e92a" [_thread_blocked, id=7120, stack(0x00007f3d85680000,0x00007f3d85781000)]
  0x00007f3d54003800 JavaThread "Daemon worker Thread 5" [_thread_in_Java, id=7117, stack(0x00007f3d85882000,0x00007f3d85983000)]
  0x00007f3d5400e000 JavaThread "Cancel handler" [_thread_blocked, id=7116, stack(0x00007f3d85983000,0x00007f3d85a84000)]
  0x00007f3d54009800 JavaThread "Handler for socket connection from /127.0.0.1:35123 to /127.0.0.1:60996" [_thread_in_native, id=7115, stack(0x00007f3d85781000,0x00007f3d85882000)]
  0x00007f3d5c039000 JavaThread "Daemon Thread 5" [_thread_blocked, id=7114, stack(0x00007f3d85a84000,0x00007f3d85b85000)]
  0x00007f3d38003800 JavaThread "pool-4-thread-4" [_thread_blocked, id=6865, stack(0x00007f3d363dc000,0x00007f3d364dd000)]
  0x00007f3d38002000 JavaThread "pool-4-thread-3" [_thread_blocked, id=6204, stack(0x00007f3d35dda000,0x00007f3d35edb000)]
  0x00007f3d38001000 JavaThread "pool-4-thread-2" [_thread_blocked, id=6151, stack(0x00007f3d365de000,0x00007f3d366df000)]
  0x00007f3d2c007000 JavaThread "pool-4-thread-1" [_thread_blocked, id=6057, stack(0x00007f3d369e0000,0x00007f3d36ae1000)]
  0x00007f3d40fea800 JavaThread "File lock request listener" [_thread_in_native, id=6054, stack(0x00007f3d847cc000,0x00007f3d848cd000)]
  0x00007f3dbcc54800 JavaThread "pool-1-thread-1" [_thread_blocked, id=6043, stack(0x00007f3d85b85000,0x00007f3d85c86000)]
  0x00007f3dbcc1d800 JavaThread "Incoming local TCP Connector on port 35123" [_thread_in_native, id=6042, stack(0x00007f3d85e8d000,0x00007f3d85f8e000)]
  0x00007f3dbc0d3000 JavaThread "Service Thread" daemon [_thread_blocked, id=6040, stack(0x00007f3d8750f000,0x00007f3d87610000)]
  0x00007f3dbc0c8000 JavaThread "C1 CompilerThread3" daemon [_thread_in_vm, id=6039, stack(0x00007f3d87610000,0x00007f3d87711000)]
=>0x00007f3dbc0c6000 JavaThread "C2 CompilerThread2" daemon [_thread_in_native, id=6038, stack(0x00007f3d87711000,0x00007f3d87812000)]
  0x00007f3dbc0c4000 JavaThread "C2 CompilerThread1" daemon [_thread_in_native, id=6037, stack(0x00007f3d87812000,0x00007f3d87913000)]
  0x00007f3dbc0c1800 JavaThread "C2 CompilerThread0" daemon [_thread_in_native, id=6036, stack(0x00007f3d87913000,0x00007f3d87a14000)]
  0x00007f3dbc0c0000 JavaThread "Signal Dispatcher" daemon [_thread_blocked, id=6035, stack(0x00007f3d87a14000,0x00007f3d87b15000)]
  0x00007f3dbc08b800 JavaThread "Finalizer" daemon [_thread_blocked, id=6034, stack(0x00007f3d87dee000,0x00007f3d87eef000)]
  0x00007f3dbc087000 JavaThread "Reference Handler" daemon [_thread_blocked, id=6033, stack(0x00007f3d87eef000,0x00007f3d87ff0000)]
  0x00007f3dbc00a000 JavaThread "main" [_thread_blocked, id=6022, stack(0x00007f3dc4951000,0x00007f3dc4a52000)]

Other Threads:
  0x00007f3dbc07f800 VMThread [stack: 0x00007f3d87ff0000,0x00007f3d880f1000] [id=6032]
  0x00007f3dbc0d5800 WatcherThread [stack: 0x00007f3d8740e000,0x00007f3d8750f000] [id=6041]

VM state:not at safepoint (normal execution)

VM Mutex/Monitor currently owned by a thread: None

Heap:
 PSYoungGen      total 466944K, used 334900K [0x00000000e0000000, 0x00000000ffd80000, 0x0000000100000000)
  eden space 465408K, 71% used [0x00000000e0000000,0x00000000f470d108,0x00000000fc680000)
  from space 1536K, 0% used [0x00000000fc680000,0x00000000fc680000,0x00000000fc800000)
  to   space 28160K, 0% used [0x00000000fe200000,0x00000000fe200000,0x00000000ffd80000)
 ParOldGen       total 141824K, used 32992K [0x00000000a0000000, 0x00000000a8a80000, 0x00000000e0000000)
  object space 141824K, 23% used [0x00000000a0000000,0x00000000a2038118,0x00000000a8a80000)
 Metaspace       used 62637K, capacity 64926K, committed 65152K, reserved 1105920K
  class space    used 7874K, capacity 8249K, committed 8320K, reserved 1048576K

Card table byte_map: [0x00007f3dc14f5000,0x00007f3dc17f6000] byte_map_base: 0x00007f3dc0ff5000

Marking Bits: (ParMarkBitMap*) 0x00007f3dc3e271a0
 Begin Bits: [0x00007f3d89000000, 0x00007f3d8a800000)
 End Bits:   [0x00007f3d8a800000, 0x00007f3d8c000000)

Polling page: 0x00007f3dc4a77000

CodeCache: size=245760Kb used=38975Kb max_used=39024Kb free=206784Kb
 bounds [0x00007f3dad000000, 0x00007f3daf670000, 0x00007f3dbc000000]
 total_blobs=11915 nmethods=11184 adapters=643
 compilation: enabled

Compilation events (10 events):
Event: 1252,884 Thread 0x00007f3dbc0c8000 nmethod 13467 0x00007f3dadb0b910 code [0x00007f3dadb0bb40, 0x00007f3dadb0c868]
Event: 1252,884 Thread 0x00007f3dbc0c8000 13468       3       com.android.dx.dex.code.OddSpacer::writeTo (19 bytes)
Event: 1252,884 Thread 0x00007f3dbc0c8000 nmethod 13468 0x00007f3daf603e10 code [0x00007f3daf603fc0, 0x00007f3daf6044a8]
Event: 1252,884 Thread 0x00007f3dbc0c8000 13469       3       com.android.dx.dex.file.AnnotationsDirectoryItem::listSize (11 bytes)
Event: 1252,884 Thread 0x00007f3dbc0c8000 nmethod 13469 0x00007f3daeb1ef10 code [0x00007f3daeb1f080, 0x00007f3daeb1f290]
Event: 1252,885 Thread 0x00007f3dbc0c8000 13470       3       com.android.dx.util.ByteArrayAnnotatedOutput::write (129 bytes)
Event: 1252,886 Thread 0x00007f3dbc0c8000 nmethod 13470 0x00007f3dae342250 code [0x00007f3dae3424e0, 0x00007f3dae3434e8]
Event: 1252,887 Thread 0x00007f3dbc0c8000 13471       3       com.sun.org.apache.xerces.internal.dom.ParentNode::getChildNodes (13 bytes)
Event: 1252,888 Thread 0x00007f3dbc0c8000 nmethod 13471 0x00007f3daeb1e950 code [0x00007f3daeb1eac0, 0x00007f3daeb1ee48]
Event: 1252,890 Thread 0x00007f3dbc0c6000 nmethod 13034 0x00007f3daf640a10 code [0x00007f3daf641820, 0x00007f3daf64b7c0]

GC Heap History (10 events):
Event: 443,686 GC heap before
{Heap before GC invocations=16 (full 5):
 PSYoungGen      total 409088K, used 379904K [0x00000000e0000000, 0x00000000fad00000, 0x0000000100000000)
  eden space 379904K, 100% used [0x00000000e0000000,0x00000000f7300000,0x00000000f7300000)
  from space 29184K, 0% used [0x00000000f9080000,0x00000000f9080000,0x00000000fad00000)
  to   space 29696K, 0% used [0x00000000f7300000,0x00000000f7300000,0x00000000f9000000)
 ParOldGen       total 141824K, used 32557K [0x00000000a0000000, 0x00000000a8a80000, 0x00000000e0000000)
  object space 141824K, 22% used [0x00000000a0000000,0x00000000a1fcb5f8,0x00000000a8a80000)
 Metaspace       used 61667K, capacity 63674K, committed 63744K, reserved 1105920K
  class space    used 7825K, capacity 8180K, committed 8192K, reserved 1048576K
Event: 443,693 GC heap after
Heap after GC invocations=16 (full 5):
 PSYoungGen      total 409600K, used 6320K [0x00000000e0000000, 0x00000000ffe80000, 0x0000000100000000)
  eden space 379904K, 0% used [0x00000000e0000000,0x00000000e0000000,0x00000000f7300000)
  from space 29696K, 21% used [0x00000000f7300000,0x00000000f792c020,0x00000000f9000000)
  to   space 28672K, 0% used [0x00000000fe280000,0x00000000fe280000,0x00000000ffe80000)
 ParOldGen       total 141824K, used 32565K [0x00000000a0000000, 0x00000000a8a80000, 0x00000000e0000000)
  object space 141824K, 22% used [0x00000000a0000000,0x00000000a1fcd5f8,0x00000000a8a80000)
 Metaspace       used 61667K, capacity 63674K, committed 63744K, reserved 1105920K
  class space    used 7825K, capacity 8180K, committed 8192K, reserved 1048576K
}
Event: 443,828 GC heap before
{Heap before GC invocations=17 (full 5):
 PSYoungGen      total 409600K, used 54603K [0x00000000e0000000, 0x00000000ffe80000, 0x0000000100000000)
  eden space 379904K, 12% used [0x00000000e0000000,0x00000000e2f26d08,0x00000000f7300000)
  from space 29696K, 21% used [0x00000000f7300000,0x00000000f792c020,0x00000000f9000000)
  to   space 28672K, 0% used [0x00000000fe280000,0x00000000fe280000,0x00000000ffe80000)
 ParOldGen       total 141824K, used 32565K [0x00000000a0000000, 0x00000000a8a80000, 0x00000000e0000000)
  object space 141824K, 22% used [0x00000000a0000000,0x00000000a1fcd5f8,0x00000000a8a80000)
 Metaspace       used 61697K, capacity 63674K, committed 63744K, reserved 1105920K
  class space    used 7825K, capacity 8180K, committed 8192K, reserved 1048576K
Event: 443,831 GC heap after
Heap after GC invocations=17 (full 5):
 PSYoungGen      total 494080K, used 1024K [0x00000000e0000000, 0x00000000ffe80000, 0x0000000100000000)
  eden space 465408K, 0% used [0x00000000e0000000,0x00000000e0000000,0x00000000fc680000)
  from space 28672K, 3% used [0x00000000fe280000,0x00000000fe380030,0x00000000ffe80000)
  to   space 28672K, 0% used [0x00000000fc680000,0x00000000fc680000,0x00000000fe280000)
 ParOldGen       total 141824K, used 32565K [0x00000000a0000000, 0x00000000a8a80000, 0x00000000e0000000)
  object space 141824K, 22% used [0x00000000a0000000,0x00000000a1fcd5f8,0x00000000a8a80000)
 Metaspace       used 61697K, capacity 63674K, committed 63744K, reserved 1105920K
  class space    used 7825K, capacity 8180K, committed 8192K, reserved 1048576K
}
Event: 443,831 GC heap before
{Heap before GC invocations=18 (full 6):
 PSYoungGen      total 494080K, used 1024K [0x00000000e0000000, 0x00000000ffe80000, 0x0000000100000000)
  eden space 465408K, 0% used [0x00000000e0000000,0x00000000e0000000,0x00000000fc680000)
  from space 28672K, 3% used [0x00000000fe280000,0x00000000fe380030,0x00000000ffe80000)
  to   space 28672K, 0% used [0x00000000fc680000,0x00000000fc680000,0x00000000fe280000)
 ParOldGen       total 141824K, used 32565K [0x00000000a0000000, 0x00000000a8a80000, 0x00000000e0000000)
  object space 141824K, 22% used [0x00000000a0000000,0x00000000a1fcd5f8,0x00000000a8a80000)
 Metaspace       used 61697K, capacity 63674K, committed 63744K, reserved 1105920K
  class space    used 7825K, capacity 8180K, committed 8192K, reserved 1048576K
Event: 444,008 GC heap after
Heap after GC invocations=18 (full 6):
 PSYoungGen      total 494080K, used 0K [0x00000000e0000000, 0x00000000ffe80000, 0x0000000100000000)
  eden space 465408K, 0% used [0x00000000e0000000,0x00000000e0000000,0x00000000fc680000)
  from space 28672K, 0% used [0x00000000fe280000,0x00000000fe280000,0x00000000ffe80000)
  to   space 28672K, 0% used [0x00000000fc680000,0x00000000fc680000,0x00000000fe280000)
 ParOldGen       total 141824K, used 32049K [0x00000000a0000000, 0x00000000a8a80000, 0x00000000e0000000)
  object space 141824K, 22% used [0x00000000a0000000,0x00000000a1f4c780,0x00000000a8a80000)
 Metaspace       used 61697K, capacity 63674K, committed 63744K, reserved 1105920K
  class space    used 7825K, capacity 8180K, committed 8192K, reserved 1048576K
}
Event: 876,518 GC heap before
{Heap before GC invocations=19 (full 6):
 PSYoungGen      total 494080K, used 128246K [0x00000000e0000000, 0x00000000ffe80000, 0x0000000100000000)
  eden space 465408K, 27% used [0x00000000e0000000,0x00000000e7d3da68,0x00000000fc680000)
  from space 28672K, 0% used [0x00000000fe280000,0x00000000fe280000,0x00000000ffe80000)
  to   space 28672K, 0% used [0x00000000fc680000,0x00000000fc680000,0x00000000fe280000)
 ParOldGen       total 141824K, used 32049K [0x00000000a0000000, 0x00000000a8a80000, 0x00000000e0000000)
  object space 141824K, 22% used [0x00000000a0000000,0x00000000a1f4c780,0x00000000a8a80000)
 Metaspace       used 61994K, capacity 63970K, committed 64000K, reserved 1105920K
  class space    used 7835K, capacity 8190K, committed 8192K, reserved 1048576K
Event: 876,521 GC heap after
Heap after GC invocations=19 (full 6):
 PSYoungGen      total 466944K, used 1264K [0x00000000e0000000, 0x00000000ffd80000, 0x0000000100000000)
  eden space 465408K, 0% used [0x00000000e0000000,0x00000000e0000000,0x00000000fc680000)
  from space 1536K, 82% used [0x00000000fc680000,0x00000000fc7bc020,0x00000000fc800000)
  to   space 28160K, 0% used [0x00000000fe200000,0x00000000fe200000,0x00000000ffd80000)
 ParOldGen       total 141824K, used 32057K [0x00000000a0000000, 0x00000000a8a80000, 0x00000000e0000000)
  object space 141824K, 22% used [0x00000000a0000000,0x00000000a1f4e780,0x00000000a8a80000)
 Metaspace       used 61994K, capacity 63970K, committed 64000K, reserved 1105920K
  class space    used 7835K, capacity 8190K, committed 8192K, reserved 1048576K
}
Event: 876,521 GC heap before
{Heap before GC invocations=20 (full 7):
 PSYoungGen      total 466944K, used 1264K [0x00000000e0000000, 0x00000000ffd80000, 0x0000000100000000)
  eden space 465408K, 0% used [0x00000000e0000000,0x00000000e0000000,0x00000000fc680000)
  from space 1536K, 82% used [0x00000000fc680000,0x00000000fc7bc020,0x00000000fc800000)
  to   space 28160K, 0% used [0x00000000fe200000,0x00000000fe200000,0x00000000ffd80000)
 ParOldGen       total 141824K, used 32057K [0x00000000a0000000, 0x00000000a8a80000, 0x00000000e0000000)
  object space 141824K, 22% used [0x00000000a0000000,0x00000000a1f4e780,0x00000000a8a80000)
 Metaspace       used 61994K, capacity 63970K, committed 64000K, reserved 1105920K
  class space    used 7835K, capacity 8190K, committed 8192K, reserved 1048576K
Event: 876,615 GC heap after
Heap after GC invocations=20 (full 7):
 PSYoungGen      total 466944K, used 0K [0x00000000e0000000, 0x00000000ffd80000, 0x0000000100000000)
  eden space 465408K, 0% used [0x00000000e0000000,0x00000000e0000000,0x00000000fc680000)
  from space 1536K, 0% used [0x00000000fc680000,0x00000000fc680000,0x00000000fc800000)
  to   space 28160K, 0% used [0x00000000fe200000,0x00000000fe200000,0x00000000ffd80000)
 ParOldGen       total 141824K, used 32992K [0x00000000a0000000, 0x00000000a8a80000, 0x00000000e0000000)
  object space 141824K, 23% used [0x00000000a0000000,0x00000000a2038118,0x00000000a8a80000)
 Metaspace       used 61994K, capacity 63970K, committed 64000K, reserved 1105920K
  class space    used 7835K, capacity 8190K, committed 8192K, reserved 1048576K
}

Deoptimization events (10 events):
Event: 168,183 Thread 0x00007f3d54003800 Uncommon trap: reason=bimorphic action=maybe_recompile pc=0x00007f3dad4786b0 method=java.util.HashMap.removeNode(ILjava/lang/Object;Ljava/lang/Object;ZZ)Ljava/util/HashMap$Node; @ 68
Event: 168,399 Thread 0x00007f3dbc087000 Uncommon trap: reason=unstable_if action=reinterpret pc=0x00007f3dad14c20c method=java.lang.ref.Reference.tryHandlePending(Z)Z @ 20
Event: 196,100 Thread 0x00007f3d54003800 Uncommon trap: reason=bimorphic action=maybe_recompile pc=0x00007f3dad9a6f04 method=com.esotericsoftware.kryo.io.Input.fill([BII)I @ 16
Event: 196,103 Thread 0x00007f3d54003800 Uncommon trap: reason=bimorphic action=maybe_recompile pc=0x00007f3dad9a6f04 method=com.esotericsoftware.kryo.io.Input.fill([BII)I @ 16
Event: 196,524 Thread 0x00007f3d54003800 Uncommon trap: reason=class_check action=maybe_recompile pc=0x00007f3dae40c64c method=com.sun.tools.javac.code.Types$13.visitClassType(Lcom/sun/tools/javac/code/Type$ClassType;Lcom/sun/tools/javac/code/Symbol;)Lcom/sun/tools/javac/code/Type; @ 94
Event: 196,525 Thread 0x00007f3d54003800 Uncommon trap: reason=class_check action=maybe_recompile pc=0x00007f3dae579334 method=com.sun.tools.javac.comp.Check.checkType(Lcom/sun/tools/javac/util/JCDiagnostic$DiagnosticPosition;Lcom/sun/tools/javac/code/Type;Lcom/sun/tools/javac/code/Type;Lcom/sun
Event: 443,572 Thread 0x00007f3d54010000 Uncommon trap: reason=class_check action=maybe_recompile pc=0x00007f3dae579334 method=com.sun.tools.javac.comp.Check.checkType(Lcom/sun/tools/javac/util/JCDiagnostic$DiagnosticPosition;Lcom/sun/tools/javac/code/Type;Lcom/sun/tools/javac/code/Type;Lcom/sun
Event: 443,608 Thread 0x00007f3d54010000 Uncommon trap: reason=array_check action=maybe_recompile pc=0x00007f3daf0d32dc method=java.util.TimSort.binarySort([Ljava/lang/Object;IIILjava/util/Comparator;)V @ 193
Event: 443,608 Thread 0x00007f3d54010000 Uncommon trap: reason=array_check action=maybe_recompile pc=0x00007f3daf0d32dc method=java.util.TimSort.binarySort([Ljava/lang/Object;IIILjava/util/Comparator;)V @ 193
Event: 1252,674 Thread 0x00007f3d54003800 Uncommon trap: reason=class_check action=maybe_recompile pc=0x00007f3dae579334 method=com.sun.tools.javac.comp.Check.checkType(Lcom/sun/tools/javac/util/JCDiagnostic$DiagnosticPosition;Lcom/sun/tools/javac/code/Type;Lcom/sun/tools/javac/code/Type;Lcom/sun

Internal exceptions (10 events):
Event: 196,106 Thread 0x00007f3d54003800 Exception <a 'java/lang/ClassNotFoundException': asLocalRepo605_7lhtwvh303ubmth5ow2enfdmeCustomizer> (0x00000000e0ff5970) thrown at [/ssd/Android/AOSP-openjdk/external/jetbrains/jdk/hotspot/src/share/vm/classfile/systemDictionary.cpp, line 210]
Event: 196,325 Thread 0x00007f3d54003800 Exception <a 'java/lang/reflect/InvocationTargetException'> (0x00000000e565c1f8) thrown at [/ssd/Android/AOSP-openjdk/external/jetbrains/jdk/hotspot/src/share/vm/runtime/reflection.cpp, line 1092]
Event: 443,164 Thread 0x00007f3d54010000 Exception <a 'java/lang/ClassNotFoundException': asLocalRepo428_7xhlbir55ay61z4ami7dxeyngBeanInfo> (0x00000000eddcd8a0) thrown at [/ssd/Android/AOSP-openjdk/external/jetbrains/jdk/hotspot/src/share/vm/classfile/systemDictionary.cpp, line 210]
Event: 443,165 Thread 0x00007f3d54010000 Exception <a 'java/lang/ClassNotFoundException': asLocalRepo428_7xhlbir55ay61z4ami7dxeyngCustomizer> (0x00000000eddd7600) thrown at [/ssd/Android/AOSP-openjdk/external/jetbrains/jdk/hotspot/src/share/vm/classfile/systemDictionary.cpp, line 210]
Event: 876,182 Thread 0x00007f3d54003800 Exception <a 'java/lang/ClassNotFoundException': asLocalRepo274_89ux25dw3xbkki04j28o3bvjmBeanInfo> (0x00000000e10ce548) thrown at [/ssd/Android/AOSP-openjdk/external/jetbrains/jdk/hotspot/src/share/vm/classfile/systemDictionary.cpp, line 210]
Event: 876,182 Thread 0x00007f3d54003800 Exception <a 'java/lang/ClassNotFoundException': asLocalRepo274_89ux25dw3xbkki04j28o3bvjmCustomizer> (0x00000000e10d82a8) thrown at [/ssd/Android/AOSP-openjdk/external/jetbrains/jdk/hotspot/src/share/vm/classfile/systemDictionary.cpp, line 210]
Event: 887,615 Thread 0x00007f3d54003800 Exception <a 'java/lang/ClassNotFoundException': asLocalRepo791_6xhgc0tcls905ub7cz01tu2mrBeanInfo> (0x00000000e0fd8480) thrown at [/ssd/Android/AOSP-openjdk/external/jetbrains/jdk/hotspot/src/share/vm/classfile/systemDictionary.cpp, line 210]
Event: 887,615 Thread 0x00007f3d54003800 Exception <a 'java/lang/ClassNotFoundException': asLocalRepo791_6xhgc0tcls905ub7cz01tu2mrCustomizer> (0x00000000e0fe21e0) thrown at [/ssd/Android/AOSP-openjdk/external/jetbrains/jdk/hotspot/src/share/vm/classfile/systemDictionary.cpp, line 210]
Event: 1252,325 Thread 0x00007f3d54003800 Exception <a 'java/lang/ClassNotFoundException': asLocalRepo120_8s0suvss0ork3m6hx98ypua6lBeanInfo> (0x00000000e84f7470) thrown at [/ssd/Android/AOSP-openjdk/external/jetbrains/jdk/hotspot/src/share/vm/classfile/systemDictionary.cpp, line 210]
Event: 1252,325 Thread 0x00007f3d54003800 Exception <a 'java/lang/ClassNotFoundException': asLocalRepo120_8s0suvss0ork3m6hx98ypua6lCustomizer> (0x00000000e85011d0) thrown at [/ssd/Android/AOSP-openjdk/external/jetbrains/jdk/hotspot/src/share/vm/classfile/systemDictionary.cpp, line 210]

Events (10 events):
Event: 1252,867 Thread 0x00007f3d24028000 DEOPT UNPACKING pc=0x00007f3dad047373 sp=0x00007f3d363da0b8 mode 0
Event: 1252,867 Thread 0x00007f3d24028000 DEOPT PACKING pc=0x00007f3daebdf570 sp=0x00007f3d363da230
Event: 1252,867 Thread 0x00007f3d24028000 DEOPT UNPACKING pc=0x00007f3dad047373 sp=0x00007f3d363da098 mode 0
Event: 1252,873 Thread 0x00007f3d24028000 DEOPT PACKING pc=0x00007f3dae456ce9 sp=0x00007f3d363da320
Event: 1252,873 Thread 0x00007f3d24028000 DEOPT UNPACKING pc=0x00007f3dad047373 sp=0x00007f3d363da0b8 mode 0
Event: 1252,873 Thread 0x00007f3d24028000 DEOPT PACKING pc=0x00007f3daebdf570 sp=0x00007f3d363da230
Event: 1252,873 Thread 0x00007f3d24028000 DEOPT UNPACKING pc=0x00007f3dad047373 sp=0x00007f3d363da098 mode 0
Event: 1252,886 Executing VM operation: RevokeBias
Event: 1252,886 Executing VM operation: RevokeBias done
Event: 1252,886 Thread 0x00007f3d24028000 Thread exited: 0x00007f3d24028000


Dynamic libraries:
00400000-00401000 r-xp 00000000 08:06 1708710                            /home/spice/Software/android-studio/jre/bin/java
00600000-00601000 r--p 00000000 08:06 1708710                            /home/spice/Software/android-studio/jre/bin/java
00601000-00602000 rw-p 00001000 08:06 1708710                            /home/spice/Software/android-studio/jre/bin/java
019d9000-019fa000 rw-p 00000000 00:00 0                                  [heap]
a0000000-a8a80000 rw-p 00000000 00:00 0 
a8a80000-e0000000 ---p 00000000 00:00 0 
e0000000-ffd80000 rw-p 00000000 00:00 0 
ffd80000-100000000 ---p 00000000 00:00 0 
100000000-100820000 rw-p 00000000 00:00 0 
100820000-140000000 ---p 00000000 00:00 0 
7f3d0c000000-7f3d0c021000 rw-p 00000000 00:00 0 
7f3d0c021000-7f3d10000000 ---p 00000000 00:00 0 
7f3d10000000-7f3d10021000 rw-p 00000000 00:00 0 
7f3d10021000-7f3d14000000 ---p 00000000 00:00 0 
7f3d14000000-7f3d14033000 rw-p 00000000 00:00 0 
7f3d14033000-7f3d18000000 ---p 00000000 00:00 0 
7f3d18000000-7f3d18021000 rw-p 00000000 00:00 0 
7f3d18021000-7f3d1c000000 ---p 00000000 00:00 0 
7f3d1c000000-7f3d1c021000 rw-p 00000000 00:00 0 
7f3d1c021000-7f3d20000000 ---p 00000000 00:00 0 
7f3d20000000-7f3d20021000 rw-p 00000000 00:00 0 
7f3d20021000-7f3d24000000 ---p 00000000 00:00 0 
7f3d24000000-7f3d24067000 rw-p 00000000 00:00 0 
7f3d24067000-7f3d28000000 ---p 00000000 00:00 0 
7f3d28000000-7f3d28049000 rw-p 00000000 00:00 0 
7f3d28049000-7f3d2c000000 ---p 00000000 00:00 0 
7f3d2c000000-7f3d2c039000 rw-p 00000000 00:00 0 
7f3d2c039000-7f3d30000000 ---p 00000000 00:00 0 
7f3d30000000-7f3d30021000 rw-p 00000000 00:00 0 
7f3d30021000-7f3d34000000 ---p 00000000 00:00 0 
7f3d359d8000-7f3d359db000 ---p 00000000 00:00 0 
7f3d359db000-7f3d35c59000 rw-p 00000000 00:00 0 
7f3d35c59000-7f3d35cdc000 ---p 00000000 00:00 0 
7f3d35cdc000-7f3d35dda000 rw-p 00000000 00:00 0 
7f3d35dda000-7f3d35ddd000 ---p 00000000 00:00 0 
7f3d35ddd000-7f3d360db000 rw-p 00000000 00:00 0 
7f3d360db000-7f3d362db000 rw-p 00000000 00:00 0 
7f3d362db000-7f3d362de000 ---p 00000000 00:00 0 
7f3d362de000-7f3d363dc000 rw-p 00000000 00:00 0 
7f3d363dc000-7f3d363df000 ---p 00000000 00:00 0 
7f3d363df000-7f3d364dd000 rw-p 00000000 00:00 0 
7f3d364dd000-7f3d364e0000 ---p 00000000 00:00 0 
7f3d364e0000-7f3d365de000 rw-p 00000000 00:00 0 
7f3d365de000-7f3d365e1000 ---p 00000000 00:00 0 
7f3d365e1000-7f3d366df000 rw-p 00000000 00:00 0 
7f3d366df000-7f3d366e2000 ---p 00000000 00:00 0 
7f3d366e2000-7f3d369e0000 rw-p 00000000 00:00 0 
7f3d369e0000-7f3d369e3000 ---p 00000000 00:00 0 
7f3d369e3000-7f3d36ae1000 rw-p 00000000 00:00 0 
7f3d36ae1000-7f3d36ae4000 ---p 00000000 00:00 0 
7f3d36ae4000-7f3d36de2000 rw-p 00000000 00:00 0 
7f3d36e00000-7f3d37000000 rw-p 00000000 00:00 0 
7f3d37000000-7f3d37200000 rw-p 00000000 00:00 0 
7f3d37200000-7f3d37400000 rw-p 00000000 00:00 0 
7f3d37400000-7f3d37600000 rw-p 00000000 00:00 0 
7f3d37600000-7f3d37800000 rw-p 00000000 00:00 0 
7f3d37800000-7f3d37a00000 rw-p 00000000 00:00 0 
7f3d37a00000-7f3d37c00000 rw-p 00000000 00:00 0 
7f3d37c00000-7f3d37e00000 rw-p 00000000 00:00 0 
7f3d37e00000-7f3d38000000 rw-p 00000000 00:00 0 
7f3d38000000-7f3d38021000 rw-p 00000000 00:00 0 
7f3d38021000-7f3d3c000000 ---p 00000000 00:00 0 
7f3d3c000000-7f3d3c0b7000 rw-p 00000000 00:00 0 
7f3d3c0b7000-7f3d40000000 ---p 00000000 00:00 0 
7f3d40000000-7f3d41b45000 rw-p 00000000 00:00 0 
7f3d41b45000-7f3d44000000 ---p 00000000 00:00 0 
7f3d44000000-7f3d44021000 rw-p 00000000 00:00 0 
7f3d44021000-7f3d48000000 ---p 00000000 00:00 0 
7f3d48000000-7f3d48165000 rw-p 00000000 00:00 0 
7f3d48165000-7f3d4c000000 ---p 00000000 00:00 0 
7f3d4c000000-7f3d4c021000 rw-p 00000000 00:00 0 
7f3d4c021000-7f3d50000000 ---p 00000000 00:00 0 
7f3d50000000-7f3d50021000 rw-p 00000000 00:00 0 
7f3d50021000-7f3d54000000 ---p 00000000 00:00 0 
7f3d54000000-7f3d54039000 rw-p 00000000 00:00 0 
7f3d54039000-7f3d58000000 ---p 00000000 00:00 0 
7f3d58000000-7f3d58021000 rw-p 00000000 00:00 0 
7f3d58021000-7f3d5c000000 ---p 00000000 00:00 0 
7f3d5c000000-7f3d5c071000 rw-p 00000000 00:00 0 
7f3d5c071000-7f3d60000000 ---p 00000000 00:00 0 
7f3d60000000-7f3d60f18000 rw-p 00000000 00:00 0 
7f3d60f18000-7f3d64000000 ---p 00000000 00:00 0 
7f3d64000000-7f3d64021000 rw-p 00000000 00:00 0 
7f3d64021000-7f3d68000000 ---p 00000000 00:00 0 
7f3d68000000-7f3d69a5f000 rw-p 00000000 00:00 0 
7f3d69a5f000-7f3d6c000000 ---p 00000000 00:00 0 
7f3d6c000000-7f3d6dc51000 rw-p 00000000 00:00 0 
7f3d6dc51000-7f3d70000000 ---p 00000000 00:00 0 
7f3d70000000-7f3d70021000 rw-p 00000000 00:00 0 
7f3d70021000-7f3d74000000 ---p 00000000 00:00 0 
7f3d74000000-7f3d75883000 rw-p 00000000 00:00 0 
7f3d75883000-7f3d78000000 ---p 00000000 00:00 0 
7f3d78000000-7f3d78021000 rw-p 00000000 00:00 0 
7f3d78021000-7f3d7c000000 ---p 00000000 00:00 0 
7f3d7c000000-7f3d7c021000 rw-p 00000000 00:00 0 
7f3d7c021000-7f3d80000000 ---p 00000000 00:00 0 
7f3d80000000-7f3d80065000 rw-p 00000000 00:00 0 
7f3d80065000-7f3d84000000 ---p 00000000 00:00 0 
7f3d84021000-7f3d84034000 r--s 00344000 08:06 1708733                    /home/spice/Software/android-studio/jre/jre/lib/resources.jar
7f3d84034000-7f3d84234000 rw-p 00000000 00:00 0 
7f3d84234000-7f3d84434000 rw-p 00000000 00:00 0 
7f3d84434000-7f3d8445f000 r--s 001fc000 08:06 1970133                    /home/spice/Software/android-studio/gradle/m2repository/com/google/guava/guava/18.0/guava-18.0.jar
7f3d8445f000-7f3d84460000 r--s 00001000 08:06 1970244                    /home/spice/Software/android-studio/gradle/m2repository/com/android/tools/annotations/25.2.2/annotations-25.2.2.jar
7f3d84460000-7f3d84472000 r--s 000b3000 08:06 1970529                    /home/spice/Software/android-studio/gradle/m2repository/com/android/tools/external/com-intellij/uast/145.597.3/uast-145.597.3.jar
7f3d84472000-7f3d8447a000 r--s 000a8000 08:06 1970522                    /home/spice/Software/android-studio/gradle/m2repository/com/android/tools/external/lombok/lombok-ast/0.2.3/lombok-ast-0.2.3.jar
7f3d8447a000-7f3d8447c000 r--s 0000d000 08:06 1970744                    /home/spice/Software/android-studio/gradle/m2repository/commons-codec/commons-codec/1.4/commons-codec-1.4.jar
7f3d8447c000-7f3d8447e000 r--s 0000d000 08:06 1969795                    /home/spice/Software/android-studio/gradle/m2repository/commons-logging/commons-logging/1.1.1/commons-logging-1.1.1.jar
7f3d8447e000-7f3d84483000 r--s 00028000 08:06 1970020                    /home/spice/Software/android-studio/gradle/m2repository/org/apache/httpcomponents/httpcore/4.1/httpcore-4.1.jar
7f3d84483000-7f3d84487000 r--s 0002f000 08:06 1970163                    /home/spice/Software/android-studio/gradle/m2repository/com/google/jimfs/jimfs/1.1/jimfs-1.1.jar
7f3d84487000-7f3d84488000 r--s 00004000 08:06 1970096                    /home/spice/Software/android-studio/gradle/m2repository/com/intellij/annotations/12.0/annotations-12.0.jar
7f3d84488000-7f3d84489000 r--s 00004000 08:06 1969842                    /home/spice/Software/android-studio/gradle/m2repository/org/ow2/asm/asm-analysis/5.0.4/asm-analysis-5.0.4.jar
7f3d84489000-7f3d8448d000 r--s 0003b000 08:06 1970635                    /home/spice/Software/android-studio/gradle/m2repository/com/android/tools/lint/lint-api/25.2.2/lint-api-25.2.2.jar
7f3d8448d000-7f3d8448e000 r--s 0000a000 08:06 1970706                    /home/spice/Software/android-studio/gradle/m2repository/net/sf/kxml/kxml2/2.3.0/kxml2-2.3.0.jar
7f3d8448e000-7f3d84490000 r--s 00005000 08:06 1970011                    /home/spice/Software/android-studio/gradle/m2repository/org/apache/httpcomponents/httpmime/4.1/httpmime-4.1.jar
7f3d84490000-7f3d84498000 r--s 0004e000 08:06 1970031                    /home/spice/Software/android-studio/gradle/m2repository/org/apache/httpcomponents/httpclient/4.1.1/httpclient-4.1.1.jar
7f3d84498000-7f3d8449f000 r--s 00053000 08:06 1970043                    /home/spice/Software/android-studio/gradle/m2repository/org/apache/commons/commons-compress/1.8.1/commons-compress-1.8.1.jar
7f3d8449f000-7f3d844a4000 r--s 0002a000 08:06 1970151                    /home/spice/Software/android-studio/gradle/m2repository/com/google/code/gson/gson/2.2.4/gson-2.2.4.jar
7f3d844a4000-7f3d844a9000 r--s 0002d000 08:06 1970540                    /home/spice/Software/android-studio/gradle/m2repository/com/android/tools/repository/25.2.2/repository-25.2.2.jar
7f3d844a9000-7f3d844aa000 r--s 00005000 08:06 1970497                    /home/spice/Software/android-studio/gradle/m2repository/com/android/tools/dvlib/25.2.2/dvlib-25.2.2.jar
7f3d844aa000-7f3d844ad000 r--s 00014000 08:06 1970411                    /home/spice/Software/android-studio/gradle/m2repository/com/android/tools/layoutlib/layoutlib-api/25.2.2/layoutlib-api-25.2.2.jar
7f3d844ad000-7f3d844b2000 r--s 00058000 08:06 1969817                    /home/spice/Software/android-studio/gradle/m2repository/org/ow2/asm/asm-debug-all/5.0.1/asm-debug-all-5.0.1.jar
7f3d844b2000-7f3d844c2000 r--s 000d6000 08:06 1970718                    /home/spice/Software/android-studio/gradle/m2repository/net/sf/proguard/proguard-base/5.2.1/proguard-base-5.2.1.jar
7f3d844c2000-7f3d844c5000 r--s 00033000 08:06 1970103                    /home/spice/Software/android-studio/gradle/m2repository/com/googlecode/juniversalchardet/juniversalchardet/1.0.3/juniversalchardet-1.0.3.jar
7f3d844c5000-7f3d844c9000 r--s 0002a000 08:06 1969788                    /home/spice/Software/android-studio/gradle/m2repository/commons-io/commons-io/2.4/commons-io-2.4.jar
7f3d844c9000-7f3d844e0000 r--s 00154000 08:06 1969956                    /home/spice/Software/android-studio/gradle/m2repository/org/antlr/antlr4/4.5.3/antlr4-4.5.3.jar
7f3d844e0000-7f3d844e1000 r--s 00002000 08:06 1970187                    /home/spice/Software/android-studio/gradle/m2repository/com/android/databinding/baseLibrary/2.2.2/baseLibrary-2.2.2.jar
7f3d844e1000-7f3d844f4000 r--s 00236000 08:06 1969901                    /home/spice/Software/android-studio/gradle/m2repository/org/eclipse/jdt/core/compiler/ecj/4.5.1/ecj-4.5.1.jar
7f3d844f4000-7f3d844fb000 r--s 000c3000 08:06 1970592                    /home/spice/Software/android-studio/gradle/m2repository/com/android/tools/lint/lint-checks/25.2.2/lint-checks-25.2.2.jar
7f3d844fb000-7f3d844fd000 r--s 00006000 08:06 1969856                    /home/spice/Software/android-studio/gradle/m2repository/org/ow2/asm/asm-tree/5.0.4/asm-tree-5.0.4.jar
7f3d844fd000-7f3d84530000 r--s 00203000 08:06 1969963                    /home/spice/Software/android-studio/gradle/m2repository/org/bouncycastle/bcprov-jdk15on/1.48/bcprov-jdk15on-1.48.jar
7f3d84530000-7f3d8453e000 r--s 00081000 08:06 1969968                    /home/spice/Software/android-studio/gradle/m2repository/org/bouncycastle/bcpkix-jdk15on/1.48/bcpkix-jdk15on-1.48.jar
7f3d8453e000-7f3d84540000 r--s 00002000 08:06 1970111                    /home/spice/Software/android-studio/gradle/m2repository/com/squareup/javawriter/2.5.0/javawriter-2.5.0.jar
7f3d84540000-7f3d84541000 r--s 00002000 08:06 1970551                    /home/spice/Software/android-studio/gradle/m2repository/com/android/tools/analytics-library/tracker/25.2.2/tracker-25.2.2.jar
7f3d84541000-7f3d84543000 r--s 00003000 08:06 1970570                    /home/spice/Software/android-studio/gradle/m2repository/com/android/tools/analytics-library/shared/25.2.2/shared-25.2.2.jar
7f3d84543000-7f3d84550000 r--s 000ed000 08:06 1970560                    /home/spice/Software/android-studio/gradle/m2repository/com/android/tools/analytics-library/protos/25.2.2/protos-25.2.2.jar
7f3d84550000-7f3d84551000 r--s 00001000 08:06 1970419                    /home/spice/Software/android-studio/gradle/m2repository/com/android/tools/jill/jill-api/0.10.0/jill-api-0.10.0.jar
7f3d84551000-7f3d84553000 r--s 00003000 08:06 1970667                    /home/spice/Software/android-studio/gradle/m2repository/com/android/tools/jack/jack-api/0.11.0/jack-api-0.11.0.jar
7f3d84553000-7f3d84558000 r--s 0004a000 08:06 1970465                    /home/spice/Software/android-studio/gradle/m2repository/com/android/tools/ddms/ddmlib/25.2.2/ddmlib-25.2.2.jar
7f3d84558000-7f3d8455b000 r--s 00021000 08:06 1970331                    /home/spice/Software/android-studio/gradle/m2repository/com/android/tools/build/manifest-merger/25.2.2/manifest-merger-25.2.2.jar
7f3d8455b000-7f3d8455d000 r--s 0001c000 08:06 1970690                    /home/spice/Software/android-studio/gradle/m2repository/com/android/tools/common/25.2.2/common-25.2.2.jar
7f3d8455d000-7f3d84566000 r--s 00083000 08:06 1970443                    /home/spice/Software/android-studio/gradle/m2repository/com/android/tools/sdk-common/25.2.2/sdk-common-25.2.2.jar
7f3d84566000-7f3d84571000 r--s 0008e000 08:06 1970655                    /home/spice/Software/android-studio/gradle/m2repository/com/android/tools/sdklib/25.2.2/sdklib-25.2.2.jar
7f3d84571000-7f3d84572000 r--s 00002000 08:06 1970295                    /home/spice/Software/android-studio/gradle/m2repository/com/android/tools/build/builder-test-api/2.2.2/builder-test-api-2.2.2.jar
7f3d84572000-7f3d84575000 r--s 00005000 08:06 1970376                    /home/spice/Software/android-studio/gradle/m2repository/com/android/tools/build/builder-model/2.2.2/builder-model-2.2.2.jar
7f3d84575000-7f3d8457d000 r--s 0007b000 08:06 1970143                    /home/spice/Software/android-studio/gradle/m2repository/com/google/protobuf/protobuf-java/2.5.0/protobuf-java-2.5.0.jar
7f3d8457d000-7f3d8457f000 r--s 0000f000 08:06 1970699                    /home/spice/Software/android-studio/gradle/m2repository/net/sf/jopt-simple/jopt-simple/4.9/jopt-simple-4.9.jar
7f3d8457f000-7f3d84583000 r--s 0001f000 08:06 1969999                    /home/spice/Software/android-studio/gradle/m2repository/org/jacoco/org.jacoco.report/0.7.5.201505241946/org.jacoco.report-0.7.5.201505241946.jar
7f3d84583000-7f3d84587000 r--s 0001d000 08:06 1969984                    /home/spice/Software/android-studio/gradle/m2repository/org/jacoco/org.jacoco.core/0.7.5.201505241946/org.jacoco.core-0.7.5.201505241946.jar
7f3d84587000-7f3d84588000 r--s 00002000 08:06 1970734                    /home/spice/Software/android-studio/gradle/m2repository/net/sf/proguard/proguard-gradle/5.2.1/proguard-gradle-5.2.1.jar
7f3d84588000-7f3d8458a000 r--s 00009000 08:06 1969865                    /home/spice/Software/android-studio/gradle/m2repository/org/ow2/asm/asm-commons/5.0.4/asm-commons-5.0.4.jar
7f3d8458a000-7f3d8458c000 r--s 0000c000 08:06 1969888                    /home/spice/Software/android-studio/gradle/m2repository/org/ow2/asm/asm/5.0.4/asm-5.0.4.jar
7f3d8458c000-7f3d84590000 r--s 0002b000 08:06 1970220                    /home/spice/Software/android-studio/gradle/m2repository/com/android/databinding/compilerCommon/2.2.2/compilerCommon-2.2.2.jar
7f3d84590000-7f3d84591000 r--s 00002000 08:06 1970313                    /home/spice/Software/android-studio/gradle/m2repository/com/android/tools/build/gradle-api/2.2.2/gradle-api-2.2.2.jar
7f3d84591000-7f3d84592000 r--s 00000000 08:06 1970354                    /home/spice/Software/android-studio/gradle/m2repository/com/android/tools/build/transform-api/2.0.0-deprecated-use-gradle-api/transform-api-2.0.0-deprecated-use-gradle-api.jar
7f3d84592000-7f3d84597000 r--s 00053000 08:06 1970614                    /home/spice/Software/android-studio/gradle/m2repository/com/android/tools/lint/lint/25.2.2/lint-25.2.2.jar
7f3d84597000-7f3d845ae000 r--s 0015d000 08:06 1970278                    /home/spice/Software/android-studio/gradle/m2repository/com/android/tools/build/builder/2.2.2/builder-2.2.2.jar
7f3d845ae000-7f3d845ca000 r--s 0019d000 08:06 1970351                    /home/spice/Software/android-studio/gradle/m2repository/com/android/tools/build/gradle-core/2.2.2/gradle-core-2.2.2.jar
7f3d845ca000-7f3d845cc000 r--s 0000d000 08:06 1970392                    /home/spice/Software/android-studio/gradle/m2repository/com/android/tools/build/gradle/2.2.2/gradle-2.2.2.jar
7f3d845cc000-7f3d847cc000 rw-p 00000000 00:00 0 
7f3d847cc000-7f3d847cf000 ---p 00000000 00:00 0 
7f3d847cf000-7f3d84acd000 rw-p 00000000 00:00 0 
7f3d84acd000-7f3d84ad0000 ---p 00000000 00:00 0 
7f3d84ad0000-7f3d84b06000 rw-p 00000000 00:00 0 
7f3d84b06000-7f3d84b07000 r--p 00000000 00:00 0 
7f3d84b07000-7f3d84d07000 rw-p 00000000 00:00 0 
7f3d84d07000-7f3d84f07000 rw-p 00000000 00:00 0 
7f3d84f07000-7f3d85107000 rw-p 00000000 00:00 0 
7f3d85107000-7f3d85307000 rw-p 00000000 00:00 0 
7f3d85307000-7f3d85507000 rw-p 00000000 00:00 0 
7f3d85507000-7f3d8557f000 r--s 010eb000 08:06 1708675                    /home/spice/Software/android-studio/jre/lib/tools.jar
7f3d8557f000-7f3d85582000 ---p 00000000 00:00 0 
7f3d85582000-7f3d85680000 rw-p 00000000 00:00 0 
7f3d85680000-7f3d85683000 ---p 00000000 00:00 0 
7f3d85683000-7f3d85781000 rw-p 00000000 00:00 0 
7f3d85781000-7f3d85784000 ---p 00000000 00:00 0 
7f3d85784000-7f3d85882000 rw-p 00000000 00:00 0 
7f3d85882000-7f3d85885000 ---p 00000000 00:00 0 
7f3d85885000-7f3d85983000 rw-p 00000000 00:00 0 
7f3d85983000-7f3d85986000 ---p 00000000 00:00 0 
7f3d85986000-7f3d85a84000 rw-p 00000000 00:00 0 
7f3d85a84000-7f3d85a87000 ---p 00000000 00:00 0 
7f3d85a87000-7f3d85b85000 rw-p 00000000 00:00 0 
7f3d85b85000-7f3d85b88000 ---p 00000000 00:00 0 
7f3d85b88000-7f3d85e86000 rw-p 00000000 00:00 0 
7f3d85e86000-7f3d85e8d000 r--s 00000000 08:06 3811808                    /usr/lib/x86_64-linux-gnu/gconv/gconv-modules.cache
7f3d85e8d000-7f3d85e90000 ---p 00000000 00:00 0 
7f3d85e90000-7f3d85f8e000 rw-p 00000000 00:00 0 
7f3d85f8e000-7f3d85f97000 r-xp 00000000 08:06 1708811                    /home/spice/Software/android-studio/jre/jre/lib/amd64/libmanagement.so
7f3d85f97000-7f3d86196000 ---p 00009000 08:06 1708811                    /home/spice/Software/android-studio/jre/jre/lib/amd64/libmanagement.so
7f3d86196000-7f3d86197000 r--p 00008000 08:06 1708811                    /home/spice/Software/android-studio/jre/jre/lib/amd64/libmanagement.so
7f3d86197000-7f3d86198000 rw-p 00009000 08:06 1708811                    /home/spice/Software/android-studio/jre/jre/lib/amd64/libmanagement.so
7f3d86198000-7f3d8619c000 r--s 00097000 08:06 1708785                    /home/spice/Software/android-studio/jre/jre/lib/jsse.jar
7f3d8619c000-7f3d8619e000 r--s 00007000 08:06 1969651                    /home/spice/Software/android-studio/gradle/gradle-2.14.1/lib/plugins/gradle-tooling-api-builders-2.14.1.jar
7f3d8619e000-7f3d861a1000 r--s 00008000 08:06 1969645                    /home/spice/Software/android-studio/gradle/gradle-2.14.1/lib/plugins/gradle-testing-native-2.14.1.jar
7f3d861a1000-7f3d861a3000 r--s 00009000 08:06 1969726                    /home/spice/Software/android-studio/gradle/gradle-2.14.1/lib/plugins/hamcrest-core-1.3.jar
7f3d861a3000-7f3d861a9000 r--s 00033000 08:06 1969656                    /home/spice/Software/android-studio/gradle/gradle-2.14.1/lib/plugins/snakeyaml-1.6.jar
7f3d861a9000-7f3d861ab000 r--s 00006000 08:06 1969677                    /home/spice/Software/android-studio/gradle/gradle-2.14.1/lib/plugins/jcommander-1.12.jar
7f3d861ab000-7f3d861b0000 r--s 00040000 08:06 1969654                    /home/spice/Software/android-studio/gradle/gradle-2.14.1/lib/plugins/bsh-2.0b4.jar
7f3d861b0000-7f3d861b9000 r--s 00089000 08:06 1969680                    /home/spice/Software/android-studio/gradle/gradle-2.14.1/lib/plugins/testng-6.3.1.jar
7f3d861b9000-7f3d861c1000 r--s 00045000 08:06 1969685                    /home/spice/Software/android-studio/gradle/gradle-2.14.1/lib/plugins/junit-4.12.jar
7f3d861c1000-7f3d861c7000 r--s 0002e000 08:06 1969661                    /home/spice/Software/android-studio/gradle/gradle-2.14.1/lib/plugins/gradle-testing-jvm-2.14.1.jar
7f3d861c7000-7f3d861cc000 r--s 00015000 08:06 1969670                    /home/spice/Software/android-studio/gradle/gradle-2.14.1/lib/plugins/gradle-testing-base-2.14.1.jar
7f3d861cc000-7f3d861cd000 r--s 00002000 08:06 1969683                    /home/spice/Software/android-studio/gradle/gradle-2.14.1/lib/plugins/sonar-batch-bootstrapper-2.9.jar
7f3d861cd000-7f3d861d0000 r--s 00015000 08:06 1969660                    /home/spice/Software/android-studio/gradle/gradle-2.14.1/lib/plugins/gradle-sonar-2.14.1.jar
7f3d861d0000-7f3d861d7000 r--s 00038000 08:06 1969701                    /home/spice/Software/android-studio/gradle/gradle-2.14.1/lib/plugins/bcpg-jdk15on-1.51.jar
7f3d861d7000-7f3d861d9000 r--s 0000d000 08:06 1969707                    /home/spice/Software/android-studio/gradle/gradle-2.14.1/lib/plugins/gradle-signing-2.14.1.jar
7f3d861d9000-7f3d861dc000 r--s 00009000 08:06 1969690                    /home/spice/Software/android-studio/gradle/gradle-2.14.1/lib/plugins/gradle-scala-2.14.1.jar
7f3d861dc000-7f3d861dd000 r--s 00004000 08:06 1969714                    /home/spice/Software/android-studio/gradle/gradle-2.14.1/lib/plugins/gradle-resources-sftp-2.14.1.jar
7f3d861dd000-7f3d861ed000 r--s 00088000 08:06 1969667                    /home/spice/Software/android-studio/gradle/gradle-2.14.1/lib/plugins/joda-time-2.8.2.jar
7f3d861ed000-7f3d861fe000 r--s 000cf000 08:06 1969733                    /home/spice/Software/android-studio/gradle/gradle-2.14.1/lib/plugins/jackson-databind-2.3.2.jar
7f3d861fe000-7f3d86200000 r--s 00007000 08:06 1969696                    /home/spice/Software/android-studio/gradle/gradle-2.14.1/lib/plugins/jackson-annotations-2.3.2.jar
7f3d86200000-7f3d86203000 r--s 0002e000 08:06 1969703                    /home/spice/Software/android-studio/gradle/gradle-2.14.1/lib/plugins/jackson-core-2.3.2.jar
7f3d86203000-7f3d8620e000 r--s 0006b000 08:06 1969750                    /home/spice/Software/android-studio/gradle/gradle-2.14.1/lib/plugins/aws-java-sdk-core-1.9.19.jar
7f3d8620e000-7f3d86214000 r--s 00036000 08:06 1969695                    /home/spice/Software/android-studio/gradle/gradle-2.14.1/lib/plugins/aws-java-sdk-kms-1.9.19.jar
7f3d86214000-7f3d8621f000 r--s 00079000 08:06 1969682                    /home/spice/Software/android-studio/gradle/gradle-2.14.1/lib/plugins/aws-java-sdk-s3-1.9.19.jar
7f3d8621f000-7f3d86220000 r--s 00003000 08:06 1969729                    /home/spice/Software/android-studio/gradle/gradle-2.14.1/lib/plugins/gradle-resources-s3-2.14.1.jar
7f3d86220000-7f3d86222000 r--s 00005000 08:06 1969724                    /home/spice/Software/android-studio/gradle/gradle-2.14.1/lib/plugins/jatl-0.2.2.jar
7f3d86222000-7f3d86224000 r--s 0000f000 08:06 1969741                    /home/spice/Software/android-studio/gradle/gradle-2.14.1/lib/plugins/gradle-reporting-2.14.1.jar
7f3d86224000-7f3d86226000 r--s 00002000 08:06 1969700                    /home/spice/Software/android-studio/gradle/gradle-2.14.1/lib/plugins/gradle-publish-2.14.1.jar
7f3d86226000-7f3d86228000 r--s 00009000 08:06 1969673                    /home/spice/Software/android-studio/gradle/gradle-2.14.1/lib/plugins/commons-cli-1.2.jar
7f3d86228000-7f3d8622e000 r--s 00033000 08:06 1969684                    /home/spice/Software/android-studio/gradle/gradle-2.14.1/lib/plugins/gradle-plugins-2.14.1.jar
7f3d8622e000-7f3d86230000 r--s 00007000 08:06 1969648                    /home/spice/Software/android-studio/gradle/gradle-2.14.1/lib/plugins/gradle-plugin-development-2.14.1.jar
7f3d86230000-7f3d86236000 r--s 0002a000 08:06 1969706                    /home/spice/Software/android-studio/gradle/gradle-2.14.1/lib/plugins/gradle-platform-play-2.14.1.jar
7f3d86236000-7f3d86243000 r--s 0004d000 08:06 1969705                    /home/spice/Software/android-studio/gradle/gradle-2.14.1/lib/plugins/gradle-platform-native-2.14.1.jar
7f3d86243000-7f3d86247000 r--s 0001a000 08:06 1969727                    /home/spice/Software/android-studio/gradle/gradle-2.14.1/lib/plugins/gradle-platform-jvm-2.14.1.jar
7f3d86247000-7f3d8624e000 r--s 00029000 08:06 1969676                    /home/spice/Software/android-studio/gradle/gradle-2.14.1/lib/plugins/gradle-platform-base-2.14.1.jar
7f3d8624e000-7f3d8626f000 r--s 001c3000 08:06 1969652                    /home/spice/Software/android-studio/gradle/gradle-2.14.1/lib/plugins/bndlib-2.4.0.jar
7f3d8626f000-7f3d86271000 r--s 00003000 08:06 1969732                    /home/spice/Software/android-studio/gradle/gradle-2.14.1/lib/plugins/gradle-osgi-2.14.1.jar
7f3d86271000-7f3d86274000 r--s 0000c000 08:06 1969736                    /home/spice/Software/android-studio/gradle/gradle-2.14.1/lib/plugins/pmaven-groovy-0.8-20100325.jar
7f3d86274000-7f3d86275000 r--s 00004000 08:06 1969722                    /home/spice/Software/android-studio/gradle/gradle-2.14.1/lib/plugins/pmaven-common-0.8-20100325.jar
7f3d86275000-7f3d8627b000 r--s 00022000 08:06 1969675                    /home/spice/Software/android-studio/gradle/gradle-2.14.1/lib/plugins/gradle-maven-2.14.1.jar
7f3d8627b000-7f3d8627d000 r--s 0000a000 08:06 1969657                    /home/spice/Software/android-studio/gradle/gradle-2.14.1/lib/plugins/gradle-language-scala-2.14.1.jar
7f3d8627d000-7f3d86283000 r--s 0001a000 08:06 1969662                    /home/spice/Software/android-studio/gradle/gradle-2.14.1/lib/plugins/gradle-language-native-2.14.1.jar
7f3d86283000-7f3d86285000 r--s 00008000 08:06 1969650                    /home/spice/Software/android-studio/gradle/gradle-2.14.1/lib/plugins/gradle-language-jvm-2.14.1.jar
7f3d86285000-7f3d8628b000 r--s 00024000 08:06 1969723                    /home/spice/Software/android-studio/gradle/gradle-2.14.1/lib/plugins/gradle-language-java-2.14.1.jar
7f3d8628b000-7f3d8628d000 r--s 0000a000 08:06 1969704                    /home/spice/Software/android-studio/gradle/gradle-2.14.1/lib/plugins/gradle-language-groovy-2.14.1.jar
7f3d8628d000-7f3d86290000 r--s 0001e000 08:06 1969644                    /home/spice/Software/android-studio/gradle/gradle-2.14.1/lib/plugins/jsp-api-2.1-6.1.14.jar
7f3d86290000-7f3d862b3000 r--s 00344000 08:06 1969697                    /home/spice/Software/android-studio/gradle/gradle-2.14.1/lib/plugins/core-3.1.1.jar
7f3d862b3000-7f3d862b4000 r--s 00006000 08:06 1969734                    /home/spice/Software/android-studio/gradle/gradle-2.14.1/lib/plugins/jetty-naming-6.1.25.jar
7f3d862b4000-7f3d862b5000 r--s 00002000 08:06 1969692                    /home/spice/Software/android-studio/gradle/gradle-2.14.1/lib/plugins/geronimo-annotation_1.0_spec-1.0.jar
7f3d862b5000-7f3d862b7000 r--s 00002000 08:06 1969730                    /home/spice/Software/android-studio/gradle/gradle-2.14.1/lib/plugins/jetty-annotations-6.1.25.jar
7f3d862b7000-7f3d862c8000 r--s 000ea000 08:06 1969743                    /home/spice/Software/android-studio/gradle/gradle-2.14.1/lib/plugins/jsp-2.1-6.1.14.jar
7f3d862c8000-7f3d862ca000 r--s 0000d000 08:06 1969698                    /home/spice/Software/android-studio/gradle/gradle-2.14.1/lib/plugins/jetty-plus-6.1.25.jar
7f3d862ca000-7f3d862cc000 r--s 0001f000 08:06 1969757                    /home/spice/Software/android-studio/gradle/gradle-2.14.1/lib/plugins/servlet-api-2.5-20081211.jar
7f3d862cc000-7f3d862d0000 r--s 00028000 08:06 1969678                    /home/spice/Software/android-studio/gradle/gradle-2.14.1/lib/plugins/jetty-util-6.1.25.jar
7f3d862d0000-7f3d862d7000 r--s 0007d000 08:06 1969686                    /home/spice/Software/android-studio/gradle/gradle-2.14.1/lib/plugins/jetty-6.1.25.jar
7f3d862d7000-7f3d862d9000 r--s 00009000 08:06 1969739                    /home/spice/Software/android-studio/gradle/gradle-2.14.1/lib/plugins/gradle-jetty-2.14.1.jar
7f3d862d9000-7f3d862e0000 r--s 00035000 08:06 1969753                    /home/spice/Software/android-studio/gradle/gradle-2.14.1/lib/plugins/simple-4.1.21.jar
7f3d862e0000-7f3d862ec000 r--s 00100000 08:06 1969668                    /home/spice/Software/android-studio/gradle/gradle-2.14.1/lib/plugins/rhino-1.7R3.jar
7f3d862ec000-7f3d862f0000 r--s 00011000 08:06 1969721                    /home/spice/Software/android-studio/gradle/gradle-2.14.1/lib/plugins/gradle-javascript-2.14.1.jar
7f3d862f0000-7f3d862f2000 r--s 0000c000 08:06 1969755                    /home/spice/Software/android-studio/gradle/gradle-2.14.1/lib/plugins/gradle-jacoco-2.14.1.jar
7f3d862f2000-7f3d862f5000 r--s 0000e000 08:06 1969752                    /home/spice/Software/android-studio/gradle/gradle-2.14.1/lib/plugins/gradle-ivy-2.14.1.jar
7f3d862f5000-7f3d862f6000 r--s 00002000 08:06 1969744                    /home/spice/Software/android-studio/gradle/gradle-2.14.1/lib/plugins/gradle-ide-play-2.14.1.jar
7f3d862f6000-7f3d862fb000 r--s 0002b000 08:06 1969740                    /home/spice/Software/android-studio/gradle/gradle-2.14.1/lib/plugins/gradle-ide-native-2.14.1.jar
7f3d862fb000-7f3d86306000 r--s 00066000 08:06 1969658                    /home/spice/Software/android-studio/gradle/gradle-2.14.1/lib/plugins/gradle-ide-2.14.1.jar
7f3d86306000-7f3d86307000 r--s 00008000 08:06 1969655                    /home/spice/Software/android-studio/gradle/gradle-2.14.1/lib/plugins/gradle-ear-2.14.1.jar
7f3d86307000-7f3d8630d000 r--s 00032000 08:06 1969666                    /home/spice/Software/android-studio/gradle/gradle-2.14.1/lib/plugins/gradle-diagnostics-2.14.1.jar
7f3d8630d000-7f3d86311000 r--s 00021000 08:06 1969742                    /home/spice/Software/android-studio/gradle/gradle-2.14.1/lib/plugins/gradle-code-quality-2.14.1.jar
7f3d86311000-7f3d86315000 r--s 0001f000 08:06 1969665                    /home/spice/Software/android-studio/gradle/gradle-2.14.1/lib/plugins/gradle-build-init-2.14.1.jar
7f3d86315000-7f3d8631c000 r--s 0008e000 08:06 1969749                    /home/spice/Software/android-studio/gradle/gradle-2.14.1/lib/plugins/gradle-build-comparison-2.14.1.jar
7f3d8631c000-7f3d8631e000 r--s 00008000 08:06 1969725                    /home/spice/Software/android-studio/gradle/gradle-2.14.1/lib/plugins/gradle-antlr-2.14.1.jar
7f3d8631e000-7f3d86320000 r--s 00004000 08:06 1969751                    /home/spice/Software/android-studio/gradle/gradle-2.14.1/lib/plugins/gradle-announce-2.14.1.jar
7f3d86320000-7f3d86338000 r--s 00115000 08:06 1969689                    /home/spice/Software/android-studio/gradle/gradle-2.14.1/lib/plugins/xercesImpl-2.9.1.jar
7f3d86338000-7f3d86340000 r--s 00028000 08:06 1969717                    /home/spice/Software/android-studio/gradle/gradle-2.14.1/lib/plugins/xml-apis-1.3.04.jar
7f3d86340000-7f3d86346000 r--s 0005b000 08:06 1969708                    /home/spice/Software/android-studio/gradle/gradle-2.14.1/lib/plugins/jcifs-1.3.17.jar
7f3d86346000-7f3d8634d000 r--s 00049000 08:06 1969719                    /home/spice/Software/android-studio/gradle/gradle-2.14.1/lib/plugins/httpcore-4.4.4.jar
7f3d8634d000-7f3d86353000 r--s 00033000 08:06 1969664                    /home/spice/Software/android-studio/gradle/gradle-2.14.1/lib/plugins/commons-codec-1.6.jar
7f3d86353000-7f3d86356000 r--s 0001c000 08:06 1969659                    /home/spice/Software/android-studio/gradle/gradle-2.14.1/lib/plugins/nekohtml-1.9.14.jar
7f3d86356000-7f3d86363000 r--s 000a4000 08:06 1969737                    /home/spice/Software/android-studio/gradle/gradle-2.14.1/lib/plugins/httpclient-4.4.1.jar
7f3d86363000-7f3d86365000 r--s 0000a000 08:06 1969646                    /home/spice/Software/android-studio/gradle/gradle-2.14.1/lib/plugins/gradle-resources-http-2.14.1.jar
7f3d86365000-7f3d86369000 r--s 00014000 08:06 1969711                    /home/spice/Software/android-studio/gradle/gradle-2.14.1/lib/plugins/gradle-plugin-use-2.14.1.jar
7f3d86369000-7f3d8636a000 r--s 00000000 08:06 1969602                    /home/spice/Software/android-studio/gradle/gradle-2.14.1/lib/gradle-installation-beacon-2.14.1.jar
7f3d8636a000-7f3d8636b000 r--s 00007000 08:06 1969674                    /home/spice/Software/android-studio/gradle/gradle-2.14.1/lib/plugins/wagon-http-shared4-2.4.jar
7f3d8636b000-7f3d8636f000 r--s 00033000 08:06 1969728                    /home/spice/Software/android-studio/gradle/gradle-2.14.1/lib/plugins/plexus-utils-2.0.6.jar
7f3d8636f000-7f3d86373000 r--s 00021000 08:06 1969710                    /home/spice/Software/android-studio/gradle/gradle-2.14.1/lib/plugins/maven-model-builder-3.0.4.jar
7f3d86373000-7f3d86374000 r--s 00002000 08:06 1969663                    /home/spice/Software/android-studio/gradle/gradle-2.14.1/lib/plugins/wagon-file-2.4.jar
7f3d86374000-7f3d86376000 r--s 00002000 08:06 1969720                    /home/spice/Software/android-studio/gradle/gradle-2.14.1/lib/plugins/plexus-cipher-1.7.jar
7f3d86376000-7f3d86379000 r--s 00013000 08:06 1969756                    /home/spice/Software/android-studio/gradle/gradle-2.14.1/lib/plugins/aether-api-1.13.1.jar
7f3d86379000-7f3d8637b000 r--s 0000a000 08:06 1969679                    /home/spice/Software/android-studio/gradle/gradle-2.14.1/lib/plugins/maven-settings-3.0.4.jar
7f3d8637b000-7f3d8637d000 r--s 0000d000 08:06 1969712                    /home/spice/Software/android-studio/gradle/gradle-2.14.1/lib/plugins/plexus-interpolation-1.14.jar
7f3d8637d000-7f3d8637f000 r--s 0000b000 08:06 1969735                    /home/spice/Software/android-studio/gradle/gradle-2.14.1/lib/plugins/maven-artifact-3.0.4.jar
7f3d8637f000-7f3d86386000 r--s 0002e000 08:06 1969671                    /home/spice/Software/android-studio/gradle/gradle-2.14.1/lib/plugins/plexus-container-default-1.5.5.jar
7f3d86386000-7f3d86388000 r--s 0000b000 08:06 1969699                    /home/spice/Software/android-studio/gradle/gradle-2.14.1/lib/plugins/maven-plugin-api-3.0.4.jar
7f3d86388000-7f3d8638a000 r--s 00000000 08:06 1969702                    /home/spice/Software/android-studio/gradle/gradle-2.14.1/lib/plugins/plexus-component-annotations-1.5.5.jar
7f3d8638a000-7f3d86390000 r--s 0003f000 08:06 1969713                    /home/spice/Software/android-studio/gradle/gradle-2.14.1/lib/plugins/maven-compat-3.0.4.jar
7f3d86390000-7f3d86393000 r--s 00008000 08:06 1969687                    /home/spice/Software/android-studio/gradle/gradle-2.14.1/lib/plugins/maven-settings-builder-3.0.4.jar
7f3d86393000-7f3d86394000 r--s 00002000 08:06 1969643                    /home/spice/Software/android-studio/gradle/gradle-2.14.1/lib/plugins/wagon-http-2.4.jar
7f3d86394000-7f3d86396000 r--s 00026000 08:06 1969754                    /home/spice/Software/android-studio/gradle/gradle-2.14.1/lib/plugins/maven-model-3.0.4.jar
7f3d86396000-7f3d86398000 r--s 00006000 08:06 1969731                    /home/spice/Software/android-studio/gradle/gradle-2.14.1/lib/plugins/aether-connector-wagon-1.13.1.jar
7f3d86398000-7f3d8639a000 r--s 0000a000 08:06 1969672                    /home/spice/Software/android-studio/gradle/gradle-2.14.1/lib/plugins/plexus-classworlds-2.4.jar
7f3d8639a000-7f3d8639c000 r--s 00006000 08:06 1969715                    /home/spice/Software/android-studio/gradle/gradle-2.14.1/lib/plugins/maven-repository-metadata-3.0.4.jar
7f3d8639c000-7f3d8639e000 r--s 0000c000 08:06 1969691                    /home/spice/Software/android-studio/gradle/gradle-2.14.1/lib/plugins/maven-aether-provider-3.0.4.jar
7f3d8639e000-7f3d863a0000 r--s 0000b000 08:06 1969681                    /home/spice/Software/android-studio/gradle/gradle-2.14.1/lib/plugins/wagon-provider-api-2.4.jar
7f3d863a0000-7f3d863a1000 r--s 00003000 08:06 1969647                    /home/spice/Software/android-studio/gradle/gradle-2.14.1/lib/plugins/aether-spi-1.13.1.jar
7f3d863a1000-7f3d863a5000 r--s 0001c000 08:06 1969745                    /home/spice/Software/android-studio/gradle/gradle-2.14.1/lib/plugins/aether-util-1.13.1.jar
7f3d863a5000-7f3d863a8000 r--s 0001d000 08:06 1969709                    /home/spice/Software/android-studio/gradle/gradle-2.14.1/lib/plugins/aether-impl-1.13.1.jar
7f3d863a8000-7f3d863ad000 r--s 00040000 08:06 1969649                    /home/spice/Software/android-studio/gradle/gradle-2.14.1/lib/plugins/jsch-0.1.53.jar
7f3d863ad000-7f3d863ed000 r--s 00277000 08:06 1969653                    /home/spice/Software/android-studio/gradle/gradle-2.14.1/lib/plugins/bcprov-jdk15on-1.51.jar
7f3d863ed000-7f3d863f1000 r--s 0001d000 08:06 1969694                    /home/spice/Software/android-studio/gradle/gradle-2.14.1/lib/plugins/xbean-reflect-3.4.jar
7f3d863f1000-7f3d863fd000 r--s 0007d000 08:06 1969718                    /home/spice/Software/android-studio/gradle/gradle-2.14.1/lib/plugins/maven-core-3.0.4.jar
7f3d863fd000-7f3d8640c000 r--s 000d9000 08:06 1969669                    /home/spice/Software/android-studio/gradle/gradle-2.14.1/lib/plugins/ivy-2.2.0.jar
7f3d8640c000-7f3d86422000 r-xp 00000000 08:06 2495612                    /lib/x86_64-linux-gnu/libgcc_s.so.1
7f3d86422000-7f3d86621000 ---p 00016000 08:06 2495612                    /lib/x86_64-linux-gnu/libgcc_s.so.1
7f3d86621000-7f3d86622000 rw-p 00015000 08:06 2495612                    /lib/x86_64-linux-gnu/libgcc_s.so.1
7f3d86622000-7f3d86794000 r-xp 00000000 08:06 3412638                    /usr/lib/x86_64-linux-gnu/libstdc++.so.6.0.21
7f3d86794000-7f3d86994000 ---p 00172000 08:06 3412638                    /usr/lib/x86_64-linux-gnu/libstdc++.so.6.0.21
7f3d86994000-7f3d8699e000 r--p 00172000 08:06 3412638                    /usr/lib/x86_64-linux-gnu/libstdc++.so.6.0.21
7f3d8699e000-7f3d869a0000 rw-p 0017c000 08:06 3412638                    /usr/lib/x86_64-linux-gnu/libstdc++.so.6.0.21
7f3d869a0000-7f3d869a4000 rw-p 00000000 00:00 0 
7f3d869a4000-7f3d869a5000 r--s 00006000 08:06 1969716                    /home/spice/Software/android-studio/gradle/gradle-2.14.1/lib/plugins/plexus-sec-dispatcher-1.3.jar
7f3d869a5000-7f3d869aa000 r--s 0002a000 08:06 1969688                    /home/spice/Software/android-studio/gradle/gradle-2.14.1/lib/plugins/gson-2.2.4.jar
7f3d869aa000-7f3d869c6000 r--s 000d3000 08:06 1969693                    /home/spice/Software/android-studio/gradle/gradle-2.14.1/lib/plugins/gradle-dependency-management-2.14.1.jar
7f3d869c6000-7f3d869ca000 r-xp 00000000 08:06 926548                     /home/spice/.gradle/native/19/linux-amd64/libnative-platform.so
7f3d869ca000-7f3d86bc9000 ---p 00004000 08:06 926548                     /home/spice/.gradle/native/19/linux-amd64/libnative-platform.so
7f3d86bc9000-7f3d86bca000 rw-p 00003000 08:06 926548                     /home/spice/.gradle/native/19/linux-amd64/libnative-platform.so
7f3d86bca000-7f3d86bdb000 r-xp 00000000 08:06 1708799                    /home/spice/Software/android-studio/jre/jre/lib/amd64/libnio.so
7f3d86bdb000-7f3d86dda000 ---p 00011000 08:06 1708799                    /home/spice/Software/android-studio/jre/jre/lib/amd64/libnio.so
7f3d86dda000-7f3d86ddb000 r--p 00010000 08:06 1708799                    /home/spice/Software/android-studio/jre/jre/lib/amd64/libnio.so
7f3d86ddb000-7f3d86ddc000 rw-p 00011000 08:06 1708799                    /home/spice/Software/android-studio/jre/jre/lib/amd64/libnio.so
7f3d86ddc000-7f3d870dd000 rw-p 00000000 00:00 0 
7f3d870dd000-7f3d870f4000 r-xp 00000000 08:06 1708797                    /home/spice/Software/android-studio/jre/jre/lib/amd64/libnet.so
7f3d870f4000-7f3d872f3000 ---p 00017000 08:06 1708797                    /home/spice/Software/android-studio/jre/jre/lib/amd64/libnet.so
7f3d872f3000-7f3d872f4000 r--p 00016000 08:06 1708797                    /home/spice/Software/android-studio/jre/jre/lib/amd64/libnet.so
7f3d872f4000-7f3d872f5000 rw-p 00017000 08:06 1708797                    /home/spice/Software/android-studio/jre/jre/lib/amd64/libnet.so
7f3d872f5000-7f3d872f7000 r--s 00005000 08:06 1969612                    /home/spice/Software/android-studio/gradle/gradle-2.14.1/lib/gradle-wrapper-2.14.1.jar
7f3d872f7000-7f3d87305000 r--s 0004f000 08:06 1969597                    /home/spice/Software/android-studio/gradle/gradle-2.14.1/lib/gradle-tooling-api-2.14.1.jar
7f3d87305000-7f3d87307000 r--s 00002000 08:06 1969601                    /home/spice/Software/android-studio/gradle/gradle-2.14.1/lib/gradle-open-api-2.14.1.jar
7f3d87307000-7f3d8730d000 r--s 00032000 08:06 1969635                    /home/spice/Software/android-studio/gradle/gradle-2.14.1/lib/jaxen-1.1.jar
7f3d8730d000-7f3d87312000 r--s 00048000 08:06 1969600                    /home/spice/Software/android-studio/gradle/gradle-2.14.1/lib/dom4j-1.6.1.jar
7f3d87312000-7f3d8731d000 r--s 00059000 08:06 1969629                    /home/spice/Software/android-studio/gradle/gradle-2.14.1/lib/gradle-ui-2.14.1.jar
7f3d8731d000-7f3d87320000 r--s 0000b000 08:06 1969758                    /home/spice/Software/android-studio/gradle/gradle-2.14.1/lib/gradle-resources-2.14.1.jar
7f3d87320000-7f3d87322000 r--s 00003000 08:06 1969638                    /home/spice/Software/android-studio/gradle/gradle-2.14.1/lib/jcl-over-slf4j-1.7.10.jar
7f3d87322000-7f3d87323000 r--s 00005000 08:06 1969632                    /home/spice/Software/android-studio/gradle/gradle-2.14.1/lib/log4j-over-slf4j-1.7.10.jar
7f3d87323000-7f3d87325000 r--s 00000000 08:06 1969759                    /home/spice/Software/android-studio/gradle/gradle-2.14.1/lib/jul-to-slf4j-1.7.10.jar
7f3d87325000-7f3d8732a000 r--s 0001c000 08:06 1969610                    /home/spice/Software/android-studio/gradle/gradle-2.14.1/lib/gradle-logging-2.14.1.jar
7f3d8732a000-7f3d8732c000 r--s 00007000 08:06 1969641                    /home/spice/Software/android-studio/gradle/gradle-2.14.1/lib/objenesis-1.2.jar
7f3d8732c000-7f3d8732e000 r--s 00000000 08:06 1969605                    /home/spice/Software/android-studio/gradle/gradle-2.14.1/lib/minlog-1.2.jar
7f3d8732e000-7f3d87330000 r--s 0000f000 08:06 1969616                    /home/spice/Software/android-studio/gradle/gradle-2.14.1/lib/reflectasm-1.07-shaded.jar
7f3d87330000-7f3d87334000 r--s 00026000 08:06 1969630                    /home/spice/Software/android-studio/gradle/gradle-2.14.1/lib/kryo-2.20.jar
7f3d87334000-7f3d8733a000 r--s 00025000 08:06 1969599                    /home/spice/Software/android-studio/gradle/gradle-2.14.1/lib/gradle-messaging-2.14.1.jar
7f3d8733a000-7f3d8733b000 r--s 00003000 08:06 1969637                    /home/spice/Software/android-studio/gradle/gradle-2.14.1/lib/native-platform-freebsd-amd64-0.10.jar
7f3d8733b000-7f3d8733c000 r--s 00003000 08:06 1969619                    /home/spice/Software/android-studio/gradle/gradle-2.14.1/lib/native-platform-freebsd-i386-0.10.jar
7f3d8733c000-7f3d8733d000 r--s 00005000 08:06 1969607                    /home/spice/Software/android-studio/gradle/gradle-2.14.1/lib/native-platform-windows-i386-0.10.jar
7f3d8733d000-7f3d8733e000 r--s 00005000 08:06 1969606                    /home/spice/Software/android-studio/gradle/gradle-2.14.1/lib/native-platform-windows-amd64-0.10.jar
7f3d8733e000-7f3d8733f000 r--s 00003000 08:06 1969620                    /home/spice/Software/android-studio/gradle/gradle-2.14.1/lib/native-platform-linux-i386-0.10.jar
7f3d8733f000-7f3d87340000 r--s 00003000 08:06 1969604                    /home/spice/Software/android-studio/gradle/gradle-2.14.1/lib/native-platform-linux-amd64-0.10.jar
7f3d87340000-7f3d873af000 r--s 0063e000 08:06 1969762                    /home/spice/Software/android-studio/gradle/gradle-2.14.1/lib/groovy-all-2.4.4.jar
7f3d873af000-7f3d873d7000 r--s 001cf000 08:06 1969613                    /home/spice/Software/android-studio/gradle/gradle-2.14.1/lib/guava-jdk5-17.0.jar
7f3d873d7000-7f3d8740e000 r--s 001bd000 08:06 1969614                    /home/spice/Software/android-studio/gradle/gradle-2.14.1/lib/gradle-core-2.14.1.jar
7f3d8740e000-7f3d8740f000 ---p 00000000 00:00 0 
7f3d8740f000-7f3d8750f000 rw-p 00000000 00:00 0 
7f3d8750f000-7f3d87512000 ---p 00000000 00:00 0 
7f3d87512000-7f3d87610000 rw-p 00000000 00:00 0 
7f3d87610000-7f3d87613000 ---p 00000000 00:00 0 
7f3d87613000-7f3d87711000 rw-p 00000000 00:00 0 
7f3d87711000-7f3d87714000 ---p 00000000 00:00 0 
7f3d87714000-7f3d87812000 rw-p 00000000 00:00 0 
7f3d87812000-7f3d87815000 ---p 00000000 00:00 0 
7f3d87815000-7f3d87913000 rw-p 00000000 00:00 0 
7f3d87913000-7f3d87916000 ---p 00000000 00:00 0 
7f3d87916000-7f3d87a14000 rw-p 00000000 00:00 0 
7f3d87a14000-7f3d87a17000 ---p 00000000 00:00 0 
7f3d87a17000-7f3d87b15000 rw-p 00000000 00:00 0 
7f3d87b15000-7f3d87dee000 r--p 00000000 08:06 3408035                    /usr/lib/locale/locale-archive
7f3d87dee000-7f3d87df1000 ---p 00000000 00:00 0 
7f3d87df1000-7f3d87eef000 rw-p 00000000 00:00 0 
7f3d87eef000-7f3d87ef2000 ---p 00000000 00:00 0 
7f3d87ef2000-7f3d87ff0000 rw-p 00000000 00:00 0 
7f3d87ff0000-7f3d87ff1000 ---p 00000000 00:00 0 
7f3d87ff1000-7f3d8c000000 rw-p 00000000 00:00 0 
7f3d8c000000-7f3d8c021000 rw-p 00000000 00:00 0 
7f3d8c021000-7f3d90000000 ---p 00000000 00:00 0 
7f3d90000000-7f3d90023000 rw-p 00000000 00:00 0 
7f3d90023000-7f3d94000000 ---p 00000000 00:00 0 
7f3d94000000-7f3d94021000 rw-p 00000000 00:00 0 
7f3d94021000-7f3d98000000 ---p 00000000 00:00 0 
7f3d98000000-7f3d98021000 rw-p 00000000 00:00 0 
7f3d98021000-7f3d9c000000 ---p 00000000 00:00 0 
7f3d9c000000-7f3d9c021000 rw-p 00000000 00:00 0 
7f3d9c021000-7f3da0000000 ---p 00000000 00:00 0 
7f3da0000000-7f3da0036000 rw-p 00000000 00:00 0 
7f3da0036000-7f3da4000000 ---p 00000000 00:00 0 
7f3da4000000-7f3da4021000 rw-p 00000000 00:00 0 
7f3da4021000-7f3da8000000 ---p 00000000 00:00 0 
7f3da8000000-7f3da8021000 rw-p 00000000 00:00 0 
7f3da8021000-7f3dac000000 ---p 00000000 00:00 0 
7f3dac000000-7f3dac002000 r--s 00008000 08:06 1969634                    /home/spice/Software/android-studio/gradle/gradle-2.14.1/lib/jansi-1.2.1.jar
7f3dac002000-7f3dac005000 r--s 0000d000 08:06 1969628                    /home/spice/Software/android-studio/gradle/gradle-2.14.1/lib/native-platform-0.10.jar
7f3dac005000-7f3dac014000 r--s 00080000 08:06 1969625                    /home/spice/Software/android-studio/gradle/gradle-2.14.1/lib/gradle-model-core-2.14.1.jar
7f3dac014000-7f3dac033000 r--s 001d1000 08:06 1969611                    /home/spice/Software/android-studio/gradle/gradle-2.14.1/lib/ant-1.9.6.jar
7f3dac033000-7f3dad000000 rw-p 00000000 00:00 0 
7f3dad000000-7f3daf670000 rwxp 00000000 00:00 0 
7f3daf670000-7f3dbc000000 ---p 00000000 00:00 0 
7f3dbc000000-7f3dbcc61000 rw-p 00000000 00:00 0 
7f3dbcc61000-7f3dc0000000 ---p 00000000 00:00 0 
7f3dc0000000-7f3dc0001000 r--s 00002000 08:06 1969603                    /home/spice/Software/android-studio/gradle/gradle-2.14.1/lib/native-platform-osx-amd64-0.10.jar
7f3dc0001000-7f3dc0005000 r--s 000e4000 08:06 1969627                    /home/spice/Software/android-studio/gradle/gradle-2.14.1/lib/jna-3.2.7.jar
7f3dc0005000-7f3dc0007000 r--s 00009000 08:06 1969639                    /home/spice/Software/android-studio/gradle/gradle-2.14.1/lib/gradle-native-2.14.1.jar
7f3dc0007000-7f3dc0009000 r--s 00005000 08:06 1969640                    /home/spice/Software/android-studio/gradle/gradle-2.14.1/lib/gradle-cli-2.14.1.jar
7f3dc0009000-7f3dc0016000 r--s 00083000 08:06 1969760                    /home/spice/Software/android-studio/gradle/gradle-2.14.1/lib/commons-collections-3.2.2.jar
7f3dc0016000-7f3dc05aa000 rw-p 00000000 00:00 0 
7f3dc05aa000-7f3dc0777000 r--s 03bec000 08:06 1708767                    /home/spice/Software/android-studio/jre/jre/lib/rt.jar
7f3dc0777000-7f3dc0aed000 rw-p 00000000 00:00 0 
7f3dc0aed000-7f3dc0aee000 ---p 00000000 00:00 0 
7f3dc0aee000-7f3dc0bee000 rw-p 00000000 00:00 0 
7f3dc0bee000-7f3dc0bef000 ---p 00000000 00:00 0 
7f3dc0bef000-7f3dc0cef000 rw-p 00000000 00:00 0 
7f3dc0cef000-7f3dc0cf0000 ---p 00000000 00:00 0 
7f3dc0cf0000-7f3dc0df0000 rw-p 00000000 00:00 0 
7f3dc0df0000-7f3dc0df1000 ---p 00000000 00:00 0 
7f3dc0df1000-7f3dc0ef1000 rw-p 00000000 00:00 0 
7f3dc0ef1000-7f3dc0ef2000 ---p 00000000 00:00 0 
7f3dc0ef2000-7f3dc0ff2000 rw-p 00000000 00:00 0 
7f3dc0ff2000-7f3dc0ff3000 ---p 00000000 00:00 0 
7f3dc0ff3000-7f3dc10f3000 rw-p 00000000 00:00 0 
7f3dc10f3000-7f3dc10f4000 ---p 00000000 00:00 0 
7f3dc10f4000-7f3dc11f4000 rw-p 00000000 00:00 0 
7f3dc11f4000-7f3dc11f5000 ---p 00000000 00:00 0 
7f3dc11f5000-7f3dc133b000 rw-p 00000000 00:00 0 
7f3dc133b000-7f3dc14f5000 ---p 00000000 00:00 0 
7f3dc14f5000-7f3dc153b000 rw-p 00000000 00:00 0 
7f3dc153b000-7f3dc16f5000 ---p 00000000 00:00 0 
7f3dc16f5000-7f3dc17f4000 rw-p 00000000 00:00 0 
7f3dc17f4000-7f3dc17f5000 ---p 00000000 00:00 0 
7f3dc17f5000-7f3dc1890000 rw-p 00000000 00:00 0 
7f3dc1890000-7f3dc1bb6000 ---p 00000000 00:00 0 
7f3dc1bb6000-7f3dc1bd0000 r-xp 00000000 08:06 1708794                    /home/spice/Software/android-studio/jre/jre/lib/amd64/libzip.so
7f3dc1bd0000-7f3dc1dd0000 ---p 0001a000 08:06 1708794                    /home/spice/Software/android-studio/jre/jre/lib/amd64/libzip.so
7f3dc1dd0000-7f3dc1dd1000 r--p 0001a000 08:06 1708794                    /home/spice/Software/android-studio/jre/jre/lib/amd64/libzip.so
7f3dc1dd1000-7f3dc1dd2000 rw-p 0001b000 08:06 1708794                    /home/spice/Software/android-studio/jre/jre/lib/amd64/libzip.so
7f3dc1dd2000-7f3dc1ddd000 r-xp 00000000 08:06 2495179                    /lib/x86_64-linux-gnu/libnss_files-2.23.so
7f3dc1ddd000-7f3dc1fdc000 ---p 0000b000 08:06 2495179                    /lib/x86_64-linux-gnu/libnss_files-2.23.so
7f3dc1fdc000-7f3dc1fdd000 r--p 0000a000 08:06 2495179                    /lib/x86_64-linux-gnu/libnss_files-2.23.so
7f3dc1fdd000-7f3dc1fde000 rw-p 0000b000 08:06 2495179                    /lib/x86_64-linux-gnu/libnss_files-2.23.so
7f3dc1fde000-7f3dc1fe4000 rw-p 00000000 00:00 0 
7f3dc1fe4000-7f3dc1fef000 r-xp 00000000 08:06 2495176                    /lib/x86_64-linux-gnu/libnss_nis-2.23.so
7f3dc1fef000-7f3dc21ee000 ---p 0000b000 08:06 2495176                    /lib/x86_64-linux-gnu/libnss_nis-2.23.so
7f3dc21ee000-7f3dc21ef000 r--p 0000a000 08:06 2495176                    /lib/x86_64-linux-gnu/libnss_nis-2.23.so
7f3dc21ef000-7f3dc21f0000 rw-p 0000b000 08:06 2495176                    /lib/x86_64-linux-gnu/libnss_nis-2.23.so
7f3dc21f0000-7f3dc2206000 r-xp 00000000 08:06 2495174                    /lib/x86_64-linux-gnu/libnsl-2.23.so
7f3dc2206000-7f3dc2405000 ---p 00016000 08:06 2495174                    /lib/x86_64-linux-gnu/libnsl-2.23.so
7f3dc2405000-7f3dc2406000 r--p 00015000 08:06 2495174                    /lib/x86_64-linux-gnu/libnsl-2.23.so
7f3dc2406000-7f3dc2407000 rw-p 00016000 08:06 2495174                    /lib/x86_64-linux-gnu/libnsl-2.23.so
7f3dc2407000-7f3dc2409000 rw-p 00000000 00:00 0 
7f3dc2409000-7f3dc2411000 r-xp 00000000 08:06 2495172                    /lib/x86_64-linux-gnu/libnss_compat-2.23.so
7f3dc2411000-7f3dc2610000 ---p 00008000 08:06 2495172                    /lib/x86_64-linux-gnu/libnss_compat-2.23.so
7f3dc2610000-7f3dc2611000 r--p 00007000 08:06 2495172                    /lib/x86_64-linux-gnu/libnss_compat-2.23.so
7f3dc2611000-7f3dc2612000 rw-p 00008000 08:06 2495172                    /lib/x86_64-linux-gnu/libnss_compat-2.23.so
7f3dc2612000-7f3dc263f000 r-xp 00000000 08:06 1708804                    /home/spice/Software/android-studio/jre/jre/lib/amd64/libjava.so
7f3dc263f000-7f3dc283e000 ---p 0002d000 08:06 1708804                    /home/spice/Software/android-studio/jre/jre/lib/amd64/libjava.so
7f3dc283e000-7f3dc283f000 r--p 0002c000 08:06 1708804                    /home/spice/Software/android-studio/jre/jre/lib/amd64/libjava.so
7f3dc283f000-7f3dc2841000 rw-p 0002d000 08:06 1708804                    /home/spice/Software/android-studio/jre/jre/lib/amd64/libjava.so
7f3dc2841000-7f3dc2851000 r-xp 00000000 08:06 1708820                    /home/spice/Software/android-studio/jre/jre/lib/amd64/libverify.so
7f3dc2851000-7f3dc2a50000 ---p 00010000 08:06 1708820                    /home/spice/Software/android-studio/jre/jre/lib/amd64/libverify.so
7f3dc2a50000-7f3dc2a52000 r--p 0000f000 08:06 1708820                    /home/spice/Software/android-studio/jre/jre/lib/amd64/libverify.so
7f3dc2a52000-7f3dc2a53000 rw-p 00011000 08:06 1708820                    /home/spice/Software/android-studio/jre/jre/lib/amd64/libverify.so
7f3dc2a53000-7f3dc2a5a000 r-xp 00000000 08:06 2495191                    /lib/x86_64-linux-gnu/librt-2.23.so
7f3dc2a5a000-7f3dc2c59000 ---p 00007000 08:06 2495191                    /lib/x86_64-linux-gnu/librt-2.23.so
7f3dc2c59000-7f3dc2c5a000 r--p 00006000 08:06 2495191                    /lib/x86_64-linux-gnu/librt-2.23.so
7f3dc2c5a000-7f3dc2c5b000 rw-p 00007000 08:06 2495191                    /lib/x86_64-linux-gnu/librt-2.23.so
7f3dc2c5b000-7f3dc2d63000 r-xp 00000000 08:06 2495186                    /lib/x86_64-linux-gnu/libm-2.23.so
7f3dc2d63000-7f3dc2f62000 ---p 00108000 08:06 2495186                    /lib/x86_64-linux-gnu/libm-2.23.so
7f3dc2f62000-7f3dc2f63000 r--p 00107000 08:06 2495186                    /lib/x86_64-linux-gnu/libm-2.23.so
7f3dc2f63000-7f3dc2f64000 rw-p 00108000 08:06 2495186                    /lib/x86_64-linux-gnu/libm-2.23.so
7f3dc2f64000-7f3dc3b4a000 r-xp 00000000 08:06 1708824                    /home/spice/Software/android-studio/jre/jre/lib/amd64/server/libjvm.so
7f3dc3b4a000-7f3dc3d4a000 ---p 00be6000 08:06 1708824                    /home/spice/Software/android-studio/jre/jre/lib/amd64/server/libjvm.so
7f3dc3d4a000-7f3dc3de9000 r--p 00be6000 08:06 1708824                    /home/spice/Software/android-studio/jre/jre/lib/amd64/server/libjvm.so
7f3dc3de9000-7f3dc3e12000 rw-p 00c85000 08:06 1708824                    /home/spice/Software/android-studio/jre/jre/lib/amd64/server/libjvm.so
7f3dc3e12000-7f3dc3e54000 rw-p 00000000 00:00 0 
7f3dc3e54000-7f3dc3e6c000 r-xp 00000000 08:06 2495214                    /lib/x86_64-linux-gnu/libpthread-2.23.so
7f3dc3e6c000-7f3dc406b000 ---p 00018000 08:06 2495214                    /lib/x86_64-linux-gnu/libpthread-2.23.so
7f3dc406b000-7f3dc406c000 r--p 00017000 08:06 2495214                    /lib/x86_64-linux-gnu/libpthread-2.23.so
7f3dc406c000-7f3dc406d000 rw-p 00018000 08:06 2495214                    /lib/x86_64-linux-gnu/libpthread-2.23.so
7f3dc406d000-7f3dc4071000 rw-p 00000000 00:00 0 
7f3dc4071000-7f3dc4074000 r-xp 00000000 08:06 2495216                    /lib/x86_64-linux-gnu/libdl-2.23.so
7f3dc4074000-7f3dc4273000 ---p 00003000 08:06 2495216                    /lib/x86_64-linux-gnu/libdl-2.23.so
7f3dc4273000-7f3dc4274000 r--p 00002000 08:06 2495216                    /lib/x86_64-linux-gnu/libdl-2.23.so
7f3dc4274000-7f3dc4275000 rw-p 00003000 08:06 2495216                    /lib/x86_64-linux-gnu/libdl-2.23.so
7f3dc4275000-7f3dc4434000 r-xp 00000000 08:06 2495215                    /lib/x86_64-linux-gnu/libc-2.23.so
7f3dc4434000-7f3dc4634000 ---p 001bf000 08:06 2495215                    /lib/x86_64-linux-gnu/libc-2.23.so
7f3dc4634000-7f3dc4638000 r--p 001bf000 08:06 2495215                    /lib/x86_64-linux-gnu/libc-2.23.so
7f3dc4638000-7f3dc463a000 rw-p 001c3000 08:06 2495215                    /lib/x86_64-linux-gnu/libc-2.23.so
7f3dc463a000-7f3dc463e000 rw-p 00000000 00:00 0 
7f3dc463e000-7f3dc4654000 r-xp 00000000 08:06 1708684                    /home/spice/Software/android-studio/jre/lib/amd64/jli/libjli.so
7f3dc4654000-7f3dc4853000 ---p 00016000 08:06 1708684                    /home/spice/Software/android-studio/jre/lib/amd64/jli/libjli.so
7f3dc4853000-7f3dc4854000 r--p 00015000 08:06 1708684                    /home/spice/Software/android-studio/jre/lib/amd64/jli/libjli.so
7f3dc4854000-7f3dc4855000 rw-p 00016000 08:06 1708684                    /home/spice/Software/android-studio/jre/lib/amd64/jli/libjli.so
7f3dc4855000-7f3dc487b000 r-xp 00000000 08:06 2495207                    /lib/x86_64-linux-gnu/ld-2.23.so
7f3dc487b000-7f3dc487c000 r--s 00002000 08:06 1969633                    /home/spice/Software/android-studio/gradle/gradle-2.14.1/lib/native-platform-osx-i386-0.10.jar
7f3dc487c000-7f3dc487e000 r--s 00007000 08:06 1969609                    /home/spice/Software/android-studio/gradle/gradle-2.14.1/lib/gradle-model-groovy-2.14.1.jar
7f3dc487e000-7f3dc487f000 r--s 00006000 08:06 1969624                    /home/spice/Software/android-studio/gradle/gradle-2.14.1/lib/gradle-base-services-groovy-2.14.1.jar
7f3dc487f000-7f3dc4880000 r--s 00002000 08:06 1969617                    /home/spice/Software/android-studio/gradle/gradle-2.14.1/lib/gradle-docs-2.14.1.jar
7f3dc4880000-7f3dc4881000 r--s 00000000 08:06 1969761                    /home/spice/Software/android-studio/gradle/gradle-2.14.1/lib/javax.inject-1.jar
7f3dc4881000-7f3dc4885000 r--s 00027000 08:06 1969631                    /home/spice/Software/android-studio/gradle/gradle-2.14.1/lib/commons-io-2.2.jar
7f3dc4885000-7f3dc488a000 r--s 00038000 08:06 1969621                    /home/spice/Software/android-studio/gradle/gradle-2.14.1/lib/asm-all-5.1.jar
7f3dc488a000-7f3dc488f000 r--s 00041000 08:06 1969623                    /home/spice/Software/android-studio/gradle/gradle-2.14.1/lib/commons-lang-2.6.jar
7f3dc488f000-7f3dc4951000 rw-p 00000000 00:00 0 
7f3dc4951000-7f3dc4954000 ---p 00000000 00:00 0 
7f3dc4954000-7f3dc4a56000 rw-p 00000000 00:00 0 
7f3dc4a56000-7f3dc4a57000 r--s 00000000 08:06 1969615                    /home/spice/Software/android-studio/gradle/gradle-2.14.1/lib/jcip-annotations-1.0.jar
7f3dc4a57000-7f3dc4a58000 r--s 00001000 08:06 1969636                    /home/spice/Software/android-studio/gradle/gradle-2.14.1/lib/gradle-process-services-2.14.1.jar
7f3dc4a58000-7f3dc4a59000 r--s 00000000 08:06 1969598                    /home/spice/Software/android-studio/gradle/gradle-2.14.1/lib/gradle-jvm-services-2.14.1.jar
7f3dc4a59000-7f3dc4a5a000 r--s 00007000 08:06 1969608                    /home/spice/Software/android-studio/gradle/gradle-2.14.1/lib/slf4j-api-1.7.10.jar
7f3dc4a5a000-7f3dc4a5b000 r--s 00004000 08:06 1969626                    /home/spice/Software/android-studio/gradle/gradle-2.14.1/lib/ant-launcher-1.9.6.jar
7f3dc4a5b000-7f3dc4a63000 r--s 0003a000 08:06 1969622                    /home/spice/Software/android-studio/gradle/gradle-2.14.1/lib/gradle-base-services-2.14.1.jar
7f3dc4a63000-7f3dc4a6e000 r--s 00051000 08:06 1969618                    /home/spice/Software/android-studio/gradle/gradle-2.14.1/lib/gradle-launcher-2.14.1.jar
7f3dc4a6e000-7f3dc4a76000 rw-s 00000000 08:06 3292294                    /tmp/hsperfdata_spice/6019
7f3dc4a76000-7f3dc4a77000 rw-p 00000000 00:00 0 
7f3dc4a77000-7f3dc4a78000 r--p 00000000 00:00 0 
7f3dc4a78000-7f3dc4a7a000 rw-p 00000000 00:00 0 
7f3dc4a7a000-7f3dc4a7b000 r--p 00025000 08:06 2495207                    /lib/x86_64-linux-gnu/ld-2.23.so
7f3dc4a7b000-7f3dc4a7c000 rw-p 00026000 08:06 2495207                    /lib/x86_64-linux-gnu/ld-2.23.so
7f3dc4a7c000-7f3dc4a7d000 rw-p 00000000 00:00 0 
7ffdacb49000-7ffdacb6a000 rw-p 00000000 00:00 0                          [stack]
7ffdacbf6000-7ffdacbf8000 r--p 00000000 00:00 0                          [vvar]
7ffdacbf8000-7ffdacbfa000 r-xp 00000000 00:00 0                          [vdso]
ffffffffff600000-ffffffffff601000 r-xp 00000000 00:00 0                  [vsyscall]

VM Arguments:
jvm_args: -Xmx1536m -Dfile.encoding=UTF-8 -Duser.country=US -Duser.language=en -Duser.variant 
java_command: org.gradle.launcher.daemon.bootstrap.GradleDaemon 2.14.1
java_class_path (initial): /home/spice/Software/android-studio/gradle/gradle-2.14.1/lib/gradle-launcher-2.14.1.jar
Launcher Type: SUN_STANDARD

Environment Variables:
PATH=/usr/local/sbin:/usr/local/bin:/usr/sbin:/usr/bin:/sbin:/bin:/usr/games:/usr/local/games
USERNAME=spice
LD_LIBRARY_PATH=/home/spice/Software/android-studio/bin:
SHELL=/bin/bash
DISPLAY=:0

Signal Handlers:
SIGSEGV: [libjvm.so+0x9daac0], sa_mask[0]=11111111011111111101111111111110, sa_flags=SA_RESTART|SA_SIGINFO
SIGBUS: [libjvm.so+0x9daac0], sa_mask[0]=11111111011111111101111111111110, sa_flags=SA_RESTART|SA_SIGINFO
SIGFPE: [libjvm.so+0x840d90], sa_mask[0]=11111111011111111101111111111110, sa_flags=SA_RESTART|SA_SIGINFO
SIGPIPE: [libjvm.so+0x840d90], sa_mask[0]=11111111011111111101111111111110, sa_flags=SA_RESTART|SA_SIGINFO
SIGXFSZ: [libjvm.so+0x840d90], sa_mask[0]=11111111011111111101111111111110, sa_flags=SA_RESTART|SA_SIGINFO
SIGILL: [libjvm.so+0x840d90], sa_mask[0]=11111111011111111101111111111110, sa_flags=SA_RESTART|SA_SIGINFO
SIGUSR1: SIG_DFL, sa_mask[0]=00000000000000000000000000000000, sa_flags=none
SIGUSR2: [libjvm.so+0x840c60], sa_mask[0]=00100000000000000000000000000000, sa_flags=SA_RESTART|SA_SIGINFO
SIGHUP: [libjvm.so+0x840e50], sa_mask[0]=11111111011111111101111111111110, sa_flags=SA_RESTART|SA_SIGINFO
SIGINT: [libjvm.so+0x840e50], sa_mask[0]=11111111011111111101111111111110, sa_flags=SA_RESTART|SA_SIGINFO
SIGTERM: [libjvm.so+0x840e50], sa_mask[0]=11111111011111111101111111111110, sa_flags=SA_RESTART|SA_SIGINFO
SIGQUIT: [libjvm.so+0x840e50], sa_mask[0]=11111111011111111101111111111110, sa_flags=SA_RESTART|SA_SIGINFO


---------------  S Y S T E M  ---------------

OS:DISTRIB_ID=LinuxMint
DISTRIB_RELEASE=18
DISTRIB_CODENAME=sarah
DISTRIB_DESCRIPTION="Linux Mint 18 Sarah"

uname:Linux 4.4.0-21-generic #37-Ubuntu SMP Mon Apr 18 18:33:37 UTC 2016 x86_64
libc:glibc 2.23 NPTL 2.23 
rlimit: STACK 8192k, CORE 0k, NPROC 31248, NOFILE 65536, AS infinity
load average:0,41 0,35 0,31

/proc/meminfo:
MemTotal:        8088812 kB
MemFree:          472292 kB
MemAvailable:    2841936 kB
Buffers:          253024 kB
Cached:          2515076 kB
SwapCached:        23784 kB
Active:          6079544 kB
Inactive:        1210176 kB
Active(anon):    4477944 kB
Inactive(anon):   573732 kB
Active(file):    1601600 kB
Inactive(file):   636444 kB
Unevictable:           0 kB
Mlocked:               0 kB
SwapTotal:       8000508 kB
SwapFree:        7765912 kB
Dirty:              6012 kB
Writeback:             0 kB
AnonPages:       4502392 kB
Mapped:           379388 kB
Shmem:            530164 kB
Slab:             218784 kB
SReclaimable:     173948 kB
SUnreclaim:        44836 kB
KernelStack:        9776 kB
PageTables:        30276 kB
NFS_Unstable:          0 kB
Bounce:                0 kB
WritebackTmp:          0 kB
CommitLimit:    12044912 kB
Committed_AS:    7808380 kB
VmallocTotal:   34359738367 kB
VmallocUsed:           0 kB
VmallocChunk:          0 kB
HardwareCorrupted:     0 kB
AnonHugePages:   3774464 kB
CmaTotal:              0 kB
CmaFree:               0 kB
HugePages_Total:       0
HugePages_Free:        0
HugePages_Rsvd:        0
HugePages_Surp:        0
Hugepagesize:       2048 kB
DirectMap4k:      108628 kB
DirectMap2M:     3999744 kB
DirectMap1G:     4194304 kB


CPU:total 8 (4 cores per cpu, 2 threads per core) family 6 model 60 stepping 3, cmov, cx8, fxsr, mmx, sse, sse2, sse3, ssse3, sse4.1, sse4.2, popcnt, avx, avx2, aes, clmul, erms, lzcnt, ht, tsc, tscinvbit, bmi1, bmi2

/proc/cpuinfo:
processor	: 0
vendor_id	: GenuineIntel
cpu family	: 6
model		: 60
model name	: Intel(R) Core(TM) i7-4720HQ CPU @ 2.60GHz
stepping	: 3
microcode	: 0x1c
cpu MHz		: 3399.906
cache size	: 6144 KB
physical id	: 0
siblings	: 8
core id		: 0
cpu cores	: 4
apicid		: 0
initial apicid	: 0
fpu		: yes
fpu_exception	: yes
cpuid level	: 13
wp		: yes
flags		: fpu vme de pse tsc msr pae mce cx8 apic sep mtrr pge mca cmov pat pse36 clflush dts acpi mmx fxsr sse sse2 ss ht tm pbe syscall nx pdpe1gb rdtscp lm constant_tsc arch_perfmon pebs bts rep_good nopl xtopology nonstop_tsc aperfmperf eagerfpu pni pclmulqdq dtes64 monitor ds_cpl vmx est tm2 ssse3 sdbg fma cx16 xtpr pdcm pcid sse4_1 sse4_2 x2apic movbe popcnt tsc_deadline_timer aes xsave avx f16c rdrand lahf_lm abm epb tpr_shadow vnmi flexpriority ept vpid fsgsbase tsc_adjust bmi1 avx2 smep bmi2 erms invpcid xsaveopt dtherm ida arat pln pts
bugs		:
bogomips	: 5188.42
clflush size	: 64
cache_alignment	: 64
address sizes	: 39 bits physical, 48 bits virtual
power management:

processor	: 1
vendor_id	: GenuineIntel
cpu family	: 6
model		: 60
model name	: Intel(R) Core(TM) i7-4720HQ CPU @ 2.60GHz
stepping	: 3
microcode	: 0x1c
cpu MHz		: 3399.906
cache size	: 6144 KB
physical id	: 0
siblings	: 8
core id		: 1
cpu cores	: 4
apicid		: 2
initial apicid	: 2
fpu		: yes
fpu_exception	: yes
cpuid level	: 13
wp		: yes
flags		: fpu vme de pse tsc msr pae mce cx8 apic sep mtrr pge mca cmov pat pse36 clflush dts acpi mmx fxsr sse sse2 ss ht tm pbe syscall nx pdpe1gb rdtscp lm constant_tsc arch_perfmon pebs bts rep_good nopl xtopology nonstop_tsc aperfmperf eagerfpu pni pclmulqdq dtes64 monitor ds_cpl vmx est tm2 ssse3 sdbg fma cx16 xtpr pdcm pcid sse4_1 sse4_2 x2apic movbe popcnt tsc_deadline_timer aes xsave avx f16c rdrand lahf_lm abm epb tpr_shadow vnmi flexpriority ept vpid fsgsbase tsc_adjust bmi1 avx2 smep bmi2 erms invpcid xsaveopt dtherm ida arat pln pts
bugs		:
bogomips	: 5188.42
clflush size	: 64
cache_alignment	: 64
address sizes	: 39 bits physical, 48 bits virtual
power management:

processor	: 2
vendor_id	: GenuineIntel
cpu family	: 6
model		: 60
model name	: Intel(R) Core(TM) i7-4720HQ CPU @ 2.60GHz
stepping	: 3
microcode	: 0x1c
cpu MHz		: 3373.906
cache size	: 6144 KB
physical id	: 0
siblings	: 8
core id		: 2
cpu cores	: 4
apicid		: 4
initial apicid	: 4
fpu		: yes
fpu_exception	: yes
cpuid level	: 13
wp		: yes
flags		: fpu vme de pse tsc msr pae mce cx8 apic sep mtrr pge mca cmov pat pse36 clflush dts acpi mmx fxsr sse sse2 ss ht tm pbe syscall nx pdpe1gb rdtscp lm constant_tsc arch_perfmon pebs bts rep_good nopl xtopology nonstop_tsc aperfmperf eagerfpu pni pclmulqdq dtes64 monitor ds_cpl vmx est tm2 ssse3 sdbg fma cx16 xtpr pdcm pcid sse4_1 sse4_2 x2apic movbe popcnt tsc_deadline_timer aes xsave avx f16c rdrand lahf_lm abm epb tpr_shadow vnmi flexpriority ept vpid fsgsbase tsc_adjust bmi1 avx2 smep bmi2 erms invpcid xsaveopt dtherm ida arat pln pts
bugs		:
bogomips	: 5188.42
clflush size	: 64
cache_alignment	: 64
address sizes	: 39 bits physical, 48 bits virtual
power management:

processor	: 3
vendor_id	: GenuineIntel
cpu family	: 6
model		: 60
model name	: Intel(R) Core(TM) i7-4720HQ CPU @ 2.60GHz
stepping	: 3
microcode	: 0x1c
cpu MHz		: 3399.906
cache size	: 6144 KB
physical id	: 0
siblings	: 8
core id		: 3
cpu cores	: 4
apicid		: 6
initial apicid	: 6
fpu		: yes
fpu_exception	: yes
cpuid level	: 13
wp		: yes
flags		: fpu vme de pse tsc msr pae mce cx8 apic sep mtrr pge mca cmov pat pse36 clflush dts acpi mmx fxsr sse sse2 ss ht tm pbe syscall nx pdpe1gb rdtscp lm constant_tsc arch_perfmon pebs bts rep_good nopl xtopology nonstop_tsc aperfmperf eagerfpu pni pclmulqdq dtes64 monitor ds_cpl vmx est tm2 ssse3 sdbg fma cx16 xtpr pdcm pcid sse4_1 sse4_2 x2apic movbe popcnt tsc_deadline_timer aes xsave avx f16c rdrand lahf_lm abm epb tpr_shadow vnmi flexpriority ept vpid fsgsbase tsc_adjust bmi1 avx2 smep bmi2 erms invpcid xsaveopt dtherm ida arat pln pts
bugs		:
bogomips	: 5188.42
clflush size	: 64
cache_alignment	: 64
address sizes	: 39 bits physical, 48 bits virtual
power management:

processor	: 4
vendor_id	: GenuineIntel
cpu family	: 6
model		: 60
model name	: Intel(R) Core(TM) i7-4720HQ CPU @ 2.60GHz
stepping	: 3
microcode	: 0x1c
cpu MHz		: 3373.804
cache size	: 6144 KB
physical id	: 0
siblings	: 8
core id		: 0
cpu cores	: 4
apicid		: 1
initial apicid	: 1
fpu		: yes
fpu_exception	: yes
cpuid level	: 13
wp		: yes
flags		: fpu vme de pse tsc msr pae mce cx8 apic sep mtrr pge mca cmov pat pse36 clflush dts acpi mmx fxsr sse sse2 ss ht tm pbe syscall nx pdpe1gb rdtscp lm constant_tsc arch_perfmon pebs bts rep_good nopl xtopology nonstop_tsc aperfmperf eagerfpu pni pclmulqdq dtes64 monitor ds_cpl vmx est tm2 ssse3 sdbg fma cx16 xtpr pdcm pcid sse4_1 sse4_2 x2apic movbe popcnt tsc_deadline_timer aes xsave avx f16c rdrand lahf_lm abm epb tpr_shadow vnmi flexpriority ept vpid fsgsbase tsc_adjust bmi1 avx2 smep bmi2 erms invpcid xsaveopt dtherm ida arat pln pts
bugs		:
bogomips	: 5188.42
clflush size	: 64
cache_alignment	: 64
address sizes	: 39 bits physical, 48 bits virtual
power management:

processor	: 5
vendor_id	: GenuineIntel
cpu family	: 6
model		: 60
model name	: Intel(R) Core(TM) i7-4720HQ CPU @ 2.60GHz
stepping	: 3
microcode	: 0x1c
cpu MHz		: 3388.937
cache size	: 6144 KB
physical id	: 0
siblings	: 8
core id		: 1
cpu cores	: 4
apicid		: 3
initial apicid	: 3
fpu		: yes
fpu_exception	: yes
cpuid level	: 13
wp		: yes
flags		: fpu vme de pse tsc msr pae mce cx8 apic sep mtrr pge mca cmov pat pse36 clflush dts acpi mmx fxsr sse sse2 ss ht tm pbe syscall nx pdpe1gb rdtscp lm constant_tsc arch_perfmon pebs bts rep_good nopl xtopology nonstop_tsc aperfmperf eagerfpu pni pclmulqdq dtes64 monitor ds_cpl vmx est tm2 ssse3 sdbg fma cx16 xtpr pdcm pcid sse4_1 sse4_2 x2apic movbe popcnt tsc_deadline_timer aes xsave avx f16c rdrand lahf_lm abm epb tpr_shadow vnmi flexpriority ept vpid fsgsbase tsc_adjust bmi1 avx2 smep bmi2 erms invpcid xsaveopt dtherm ida arat pln pts
bugs		:
bogomips	: 5188.42
clflush size	: 64
cache_alignment	: 64
address sizes	: 39 bits physical, 48 bits virtual
power management:

processor	: 6
vendor_id	: GenuineIntel
cpu family	: 6
model		: 60
model name	: Intel(R) Core(TM) i7-4720HQ CPU @ 2.60GHz
stepping	: 3
microcode	: 0x1c
cpu MHz		: 3400.007
cache size	: 6144 KB
physical id	: 0
siblings	: 8
core id		: 2
cpu cores	: 4
apicid		: 5
initial apicid	: 5
fpu		: yes
fpu_exception	: yes
cpuid level	: 13
wp		: yes
flags		: fpu vme de pse tsc msr pae mce cx8 apic sep mtrr pge mca cmov pat pse36 clflush dts acpi mmx fxsr sse sse2 ss ht tm pbe syscall nx pdpe1gb rdtscp lm constant_tsc arch_perfmon pebs bts rep_good nopl xtopology nonstop_tsc aperfmperf eagerfpu pni pclmulqdq dtes64 monitor ds_cpl vmx est tm2 ssse3 sdbg fma cx16 xtpr pdcm pcid sse4_1 sse4_2 x2apic movbe popcnt tsc_deadline_timer aes xsave avx f16c rdrand lahf_lm abm epb tpr_shadow vnmi flexpriority ept vpid fsgsbase tsc_adjust bmi1 avx2 smep bmi2 erms invpcid xsaveopt dtherm ida arat pln pts
bugs		:
bogomips	: 5188.42
clflush size	: 64
cache_alignment	: 64
address sizes	: 39 bits physical, 48 bits virtual
power management:

processor	: 7
vendor_id	: GenuineIntel
cpu family	: 6
model		: 60
model name	: Intel(R) Core(TM) i7-4720HQ CPU @ 2.60GHz
stepping	: 3
microcode	: 0x1c
cpu MHz		: 3361.515
cache size	: 6144 KB
physical id	: 0
siblings	: 8
core id		: 3
cpu cores	: 4
apicid		: 7
initial apicid	: 7
fpu		: yes
fpu_exception	: yes
cpuid level	: 13
wp		: yes
flags		: fpu vme de pse tsc msr pae mce cx8 apic sep mtrr pge mca cmov pat pse36 clflush dts acpi mmx fxsr sse sse2 ss ht tm pbe syscall nx pdpe1gb rdtscp lm constant_tsc arch_perfmon pebs bts rep_good nopl xtopology nonstop_tsc aperfmperf eagerfpu pni pclmulqdq dtes64 monitor ds_cpl vmx est tm2 ssse3 sdbg fma cx16 xtpr pdcm pcid sse4_1 sse4_2 x2apic movbe popcnt tsc_deadline_timer aes xsave avx f16c rdrand lahf_lm abm epb tpr_shadow vnmi flexpriority ept vpid fsgsbase tsc_adjust bmi1 avx2 smep bmi2 erms invpcid xsaveopt dtherm ida arat pln pts
bugs		:
bogomips	: 5188.42
clflush size	: 64
cache_alignment	: 64
address sizes	: 39 bits physical, 48 bits virtual
power management:



Memory: 4k page, physical 8088812k(472292k free), swap 8000508k(7765912k free)

vm_info: OpenJDK 64-Bit Server VM (25.76-b03) for linux-amd64 JRE (1.8.0_76-release-b03), built on Jun 29 2016 09:39:19 by "builder" with gcc 4.8.4

time: Sat Nov 12 17:53:36 2016
elapsed time: 1252 seconds (0d 0h 20m 52s)

